100
0 4738 935 11 13 398 15 16 146 24 25 155 32 2288 35 36 422 679 426 309 54 1847 56 5561 442 65 451 3652 5046 2849 72 717 720 210 1368 5469 3045 96 4048 3299 8549 742 1137 104 2556 615 236 954 624 625 882 756 6134 123 2428 3069 382
1 0 1 2 5 6 7 8 1290 5515 2572 13 14 237 9356 19 21 281 26 27 8734 159 1440 815 3747 1572 37 2908 425 1581 3961 176 3912 946 180 61 63 1089 7269 9030 5311 4040 396 288 2902 505 88 347 2140 4703 1632 869 4589 110 3198 5367 377 251 7292 126 5247
2 0 1 2 132 6 8 44 14 15 16 17 3244 24 27 28 1437 33 35 390 156 940 29 264 179 2741 2981 62 2244 929 1352 805 3661 8528 85 214 2264 346 2703 1756 221 94 4063 5659 2145 8933 536 103 3818 303 751 362 1524 3774 2857 2296 4859 637 3199
3 768 10 907 271 144 302 3097 1434 31 161 1314 35 42 44 173 46 815 176 3359 60 447 323 583 2385 84 725 3926 92 506 222 1122 99 235 2805 249 1530 507 298
4 6913 641 908 7313 2706 3860 9493 1113 1881 158 1956 8518 552 941 46 433 670 4791 568 3769 4157 3646 8901 3654 225 3404 9290 5196 8401 1623 3033 2143 993 228 229 3689 3946 2478 3056 7287 1257 2431
5 149 3206 3849 1550 18 20 1173 22 24 25 26 1263 29 158 31 36 549 1958 41 4908 285 2491 286 2614 439 56 2785 316 61 193 2627 69 199 329 716 78 1743 739 4089 93 37 96 97 611 422 103 3304 5863 1277 240 500 249 1437 255 125 21
6 0 1281 4 7 2824 137 12 13 143 145 19 148 21 280 30 197 1184 48 2196 164 40 41 170 135 172 176 1457 50 1310 1334 442 3131 6668 1600 65 684 1476 69 72 585 75 1871 859 954 1379 391 634 401 364 112 498 20 122 1791 2431
7 0 1 2 3 4 7 8 9 139 12 130 9225 15 3600 145 4371 21 47 157 158 288 393 1315 933 1959 176 1452 46 303 2205 49 1332 5429 4023 184 316 63 66 195 1447 198 275 55 461 2768 2744 611 121 1754 459 1189 992 1762 355 229 102 999 107 3054 4848 659 2169 250
8 4864 1189 899 4 261 1287 9 30 11 524 6628 15 17 4517 3 404 1134 22 280 815 28 158 1183 290 164 549 3543 41 135 940 45 44 1327 178 436 8734 54 56 58 415 70 1597 5313 65 4525 684 709 1734 199 72 12 74 4152 7250 83 596 8149 121 484 1679 735 50 2148 485 1468 3179 1388 2158 5011 131 3996 120 84 10 252 253 2430
9 0 1 2 3 2820 5 6 7 8 9 138 2955 2700 2562 14 145 403 20 21 3224 27 30 2079 6304 33 35 70 4390 808 2652 554 44 2735 176 5605 158 5641 184 58 650 62 5621 65 7876 69 7878 6729 2024 204 78 2726 5200 2258 1077 468 142 727 510 2140 2397 7518 5349 8034 5225 869 5862 232 873 7147 3569 2162 6718 7401 4308 2170 2730 126
10 0 513 1541 6 7 8 9 10 11 14 16 18 19 20 21 22 23 27 28 30 35 37 47 61 62 63 65 583 72 82 595 1131 624 114 2169 123 638 4226 1667 135 138 139 145 708 5276 168 4266 1707 176 187 1725 3268 1737 1826 211 4317 739 1771 9086 256 131 789 7959 2848 290 5926 2871 824 318 841 332 482 2872 1369 859 9053 3424 4978 4985 382 389 2950 914 915 3477 410 1436 6049 1447 940 442 957 1483 468 1506 495 501 4090 3071
11 6656 1 1155 902 7559 8 139 1932 13 142 3457 4241 148 21 28 1566 1183 8992 34 37 3239 41 3591 477 48 136 54 55 2104 57 7797 64 327 72 585 1483 206 653 2261 475 93 1122 236 2029 111 112 114 371 372 117 762 125 5205
12 0 1 2 3 4 5 6 7 8 9 138 11 5634 14 16 18 19 3483 23 25 26 155 28 1310 2757 4514 35 421 348 554 427 3887 221 3813 3635 1077 1591 803 163 316 782 2371 2116 69 1226 2159 290 1613 120 595 84 910 7929 1038 731 9246 1850 1502 1401 2148 613 2177 2153 3818 1298 878 1263 624 1082 8707 632 121
13 4864 1793 4482 1156 2049 909 22 3096 132 28 29 1438 240 1445 44 1967 6480 3251 414 567 57 9677 2491 1087 1988 5834 77 2509 976 849 595 343 207 2653 3041 1979 101 1128 636 8688 3572 885 118 1271 249 7162 3196
14 0 3457 7 80 650 215 398 143 1902 5721 196 30 671 33 40 2857 432 49 53 185 442 138 992 450 6979 708 3398 456 825 2126 1104 81 722 9559 89 5850 92 349 224 97 482 104 362 3182 680 4594 121 123
15 0 1 2 1027 772 7 8 9 138 87 2818 14 3082 147 968 9365 280 537 2330 27 265 3141 545 35 164 8614 4273 41 42 306 686 561 3378 513 309 54 1161 58 1597 62 4288 2114 1903 182 199 72 6222 7585 982 1495 5720 90 92 9572 9957 1766 2707 361 5482 5101 7151 113 660 2291 628 3774 1270 120 1401
16 1027 6031 131 3950 151 410 5791 160 417 418 6565 167 170 3500 2735 76 948 1590 1207 1979 60 191 1985 7367 201 1100 2767 848 3715 725 377 207 2268 634 6630 3943 3689 109 4974 1136 3698 2296 249 762
17 0 1 2 3243 3904 5893 1030 7 8 9 138 1420 4497 1554 171 1667 494 2072 665 5404 797 5278 6049 4443 2342 583 1185 1584 561 435 948 1077 54 3977 2232 7488 694 454 4167 72 3274 3021 8015 210 3923 345 1498 731 92 5218 485 273 38 161 6378 1645 238 879 2033 5108 9470 1270 4343 968 763 252 3306 510 4607
18 3 4 5 4102 135 8 9 10 139 12 3983 6787 20 836 158 389 393 161 546 37 38 42 647 301 175 7984 50 55 56 9076 2207 60 138 65 450 267 1604 390 204 646 207 720 3410 3158 365 176 2651 355 229 102 747 3053 879 7557 114 1395 628 245 118 120 4089 1019 998 8703
19 1793 131 134 1799 300 139 12 15 17 1376 25 285 2079 32 545 34 2374 1702 679 8488 681 298 299 2348 52 309 55 56 58 168 2492 61 1184 70 161 1548 1612 78 849 83 980 981 598 1529 985 7387 92 480 98 612 40 231 1128 6379 1900 96 625 243 1524 120 9081 764
20 0 4225 2 1771 4 8454 7 8 9 1290 11 12 491 1678 15 1168 1169 18 148 9749 5526 24 155 1052 7069 159 2849 35 3718 49 3497 42 967 44 9519 176 7048 5522 7347 4662 4408 57 2591 9562 2150 709 199 1225 3996 75 3533 8364 4688 849 4067 3286 6362 655 5514 1117 20 6373 2659 3172 102 1638 1768 2153 107 3052 9521 4605 3441 2930 7081 4984 249 125 3198 2047
21 0 1152 2 3 4 5 6 7382 138 12 13 14 15 16 17 19 20 21 23 878 27 1948 797 30 389 2848 5616 198 325 3880 176 5554 74 134 1888 69 1350 199 7242 845 386 2573 99 398 3158 2264 96 5985 1482 6115 38 233 5482 107 236 2285 494 749 403 3262 1513 124 469
22 0 1 2 3 4 5 6 7 8 9 11 13 14 15 16 17 18 19 20 23 26 27 28 8226 37 57 63 69 583 72 74 6747 97 4099 2577 1132 114 7293 126 133 138 3211 148 1173 2198 155 709 166 4609 184 703 193 708 197 207 9425 731 224 1770 236 8955 253 2304 2818 6404 1290 1307 1310 805 9517 303 3379 650 843 7508 859 3424 2402 355 356 1930 1423 6035 404 4510 442 7624 2000 977 468 3543 476 5600 8677 5110 2045
23 3 1412 8 138 1042 131 1429 2202 671 34 35 2852 678 42 172 46 176 52 7607 56 3257 1951 572 66 67 69 70 1351 866 462 83 84 86 3066 95 482 195 60 2922 250 1407 252 253 4350 3839
24 128 1 8450 375 900 1174 769 8 5643 2060 269 16 18 5395 2187 1173 22 535 1284 27 30 5333 3483 1572 2214 680 1321 554 940 45 7086 1629 1584 305 1011 1972 542 1334 184 185 188 8138 6335 8139 708 644 2956 74 6347 7373 9947 80 977 82 3455 725 203 88 2168 91 3706 6238 3447 3046 871 104 873 3563 236 621 414 42 9335 120 121 6138 1151 6698 382 426
25 1 1667 4100 86 390 7 8 9 10 11 140 4397 18 131 3747 1174 1048 25 26 542 1184 161 35 82 37 166 40 425 301 47 8243 54 393 4724 2106 1482 63 64 880 3398 72 1610 45 850 83 342 728 164 602 7354 1888 1222 227 103 1478 3964 5482 1554 112 8360 147 1524 120 252 1645
26 669 3 2052 5 9351 778 907 1420 9927 144 8465 131 9710 222 409 24 25 797 415 1936 3110 5041 554 299 1967 6577 3194 183 56 9017 1850 187 60 313 446 1333 66 5381 69 9542 5959 329 4813 80 120 210 84 526 342 6369 8152 91 4090 199 4704 16 1388 4807 4335 3317 1656 3540 890 1019
27 0 2 3 2180 5 855 10 139 6668 13 14 15 16 17 23 24 1732 2200 27 28 157 4510 901 417 1954 411 164 552 348 299 300 4978 5295 176 8 4403 1718 2889 8761 443 151 138 63 320 2116 1221 221 2231 34 909 849 82 1365 57 2020 2780 1117 4962 739 228 6460 107 1004 1522 69 626 8438 2171 3582
28 2048 2 131 4104 9 10 653 14 144 6424 914 899 148 791 24 29 164 294 552 42 44 1583 1352 3768 4596 60 64 836 69 198 968 258 77 13 1494 478 224 2576 355 612 234 621 272 1917 114 285 121 1788 253 1150 383
29 3201 4 5 650 139 13 270 16 274 21 281 793 156 496 290 37 2726 44 48 179 52 437 566 442 3903 360 1803 709 1697 329 331 3148 2000 526 727 58 223 1378 1495 231 1000 490 236 5999 880 881 1149
30 256 128 1026 132 134 1933 17 149 150 2330 27 2076 31 8740 948 687 432 6450 435 2356 184 1583 58 187 4801 67 70 968 1610 332 79 2385 1369 602 93 2014 610 431 1132 110 1904 625 756 2166 126
31 0 1793 3 4 5 4487 8 9 138 11 268 1549 14 4397 16 273 18 915 21 408 26 797 7454 1989 549 6385 1320 1065 554 301 1456 7218 694 2185 56 697 58 735 70 445 1093 3008 1914 197 1734 199 2504 73 1088 1911 621 590 2360 1106 399 3676 557 37 96 1349 102 2919 105 4818 6141 8707 881 531 1783 5626 253
32 0 3458 3 4 520 7 8 9 138 663 4364 3470 5136 2819 1558 23 2841 900 2076 797 30 6915 5921 34 1315 3110 7708 1031 8492 5483 321 6045 176 5448 2486 3849 184 116 186 5051 60 10 830 65 139 1604 709 3398 3489 968 12 74 1200 2978 975 824 83 3160 2509 91 1884 2526 1725 2402 7013 8988 231 619 4460 3053 4157 1008 339 1780 120 8993
33 0 6656 2 6 162 8 47 138 11 2444 7437 2547 15 8853 17 404 21 4953 3097 175 2717 5150 31 2848 161 1954 35 37 9896 554 45 46 8751 1604 53 51 158 54 3639 9716 57 3514 1930 62 63 193 6539 4676 69 1224 73 4172 9933 973 222 211 4820 1365 2425 2521 2313 5434 990 84 609 482 9572 102 1384 3119 107 61 2291 204 503 20 5754 2555 252 1917 126 149
34 6656 1 2 3 1942 7 8 9 1290 11 268 14 15 16 1809 18 20 171 22 25 137 2713 7279 926 4895 3773 4133 9894 1575 391 1324 4525 5038 305 178 3764 1077 4023 1174 3516 138 8430 63 5312 4417 2955 708 73 6604 333 2270 82 1665 91 734 614 2153 8076 12 1263 4977 5490 121 2300 1534
35 128 385 388 4358 1799 907 8973 482 277 26 158 1440 675 454 1959 1065 300 5552 4410 316 829 190 32 70 1607 1506 975 81 82 3923 344 89 1883 350 1122 2148 9957 444 39 108 594 111 7537 4435 6644 118 6137 3839
36 1 3586 1412 406 137 13 408 149 22 280 2180 3483 797 9246 2591 27 37 1702 2810 45 1783 434 4919 1080 697 163 61 1528 198 1351 585 1098 4171 206 9040 5329 979 1797 725 88 89 859 733 95 998 4070 871 969 106 549 238 751 624 119 2296 377 2298 4219 252 85 1151
37 0 4864 9346 4310 6 7 8 10 395 524 2 14 1269 303 19 21 2073 24 3097 410 155 28 26 30 31 32 27 166 1446 129 41 647 3869 176 2248 2612 54 1080 184 4347 2444 712 1343 1089 4619 69 1222 968 1737 1482 332 2513 594 6755 23 2787 88 1508 1891 5084 1921 2147 356 869 5862 6762 385 114 371 2430 681 1177 6523 252 126 2453
38 256 8704 4630 906 2572 141 5519 146 2371 3478 4009 5803 6702 175 2992 698 66 67 6284 3659 7373 77 3025 1362 853 346 1628 1765 5472 100 101 8295 496 3444 809 3455 125 2047
39 0 1 2 3 5381 1671 8 9 1930 9611 1292 13 8334 15 554 17 1171 148 21 22 896 280 27 346 797 88 4768 5921 34 4388 3121 166 356 7593 5546 5895 686 176 7048 1973 566 439 184 6234 138 62 7104 2503 3751 7108 2688 583 968 2889 74 5391 4302 2383 977 335 979 468 1520 728 1369 2138 2523 6756 2657 1546 1251 32 33 1667 5480 6256 1153 3623 3182 2416 79 120 6058
40 0 1153 235 388 8 777 2442 907 273 151 132 538 879 284 285 1184 34 803 549 487 6744 6698 173 47 561 51 155 53 566 9 308 4277 672 7307 204 1332 73 972 4130 977 210 595 85 86 7895 216 345 9946 859 2143 482 8955 869 231 9832 3561 1643 621 1263 4849 2162 2164 2423 632 1275 6001
41 0 1408 900 5 6 10 4364 13 516 1679 16 17 19 2836 1173 1756 152 665 26 155 28 157 389 2721 290 27 164 37 38 2076 554 3884 4142 5277 3248 2504 627 52 3866 7013 2616 442 1723 2492 2214 117 1321 96 197 199 72 329 205 3790 9039 4728 979 784 910 6265 476 638 5982 549 224 737 611 229 4255 97 5621 637 2961 625 371 372 3198 268 4 120 121 3135 252 253 382
42 0 1 2 3 3585 5 6 7 8 9 138 1027 4288 14 15 3600 145 18 19 20 7854 665 39 27 2076 29 30 197 1184 636 155 37 935 5255 184 299 9517 2862 3248 1330 432 23 441 1387 62 7360 4537 1611 708 69 2374 968 2444 74 843 332 8654 8911 814 5973 1495 4568 9338 800 224 482 995 5860 9701 1667 486 1256 1001 1643 1263 1522 119 250 1019 252 1789 126
43 257 107 9478 265 9613 399 4373 664 412 6045 3231 803 7589 747 168 44 1330 8629 2313 4413 6848 1988 3016 1353 75 3532 77 6094 1876 2169 2905 219 2526 98 100 1509 1128 234 6379 238 6258 502 119 2809 1274 3455
44 3970 2563 1236 389 1033 2823 3849 907 653 272 5395 2196 789 2841 152 6169 410 901 8480 2721 162 8739 2853 9459 3240 681 7594 2091 301 1070 47 1651 1204 3913 187 60 2238 587 708 211 327 712 201 331 3246 4817 75 339 1878 86 1401 1753 5210 8541 95 1376 1413 3065 229 485 742 1002 747 4589 750 880 370 595 120 404 2298 171 102 195
45 0 1 2 899 132 6 7 8 9 10 11 12 4226 14 15 43 18 19 171 22 23 26 28 5661 1310 31 32 2216 554 135 29 51 52 309 55 7850 6459 138 193 67 4421 583 330 2487 332 79 82 2136 1881 7055 655 1502 1122 1510 103 424 114 243 4266 120 121 123 6698
46 0 1 3 4 5 7 8 9 138 12 795 15 16 145 1298 4372 2325 23 152 1168 155 1692 517 289 27 38 2088 156 583 1324 429 176 1771 172 4148 1334 183 824 574 2688 69 199 2120 268 205 979 84 5974 346 1502 224 97 2659 681 485 273 489 107 236 18 7408 1778 83 884 873 376 1017 122
47 0 129 2 2403 9732 517 135 8 138 2391 140 2413 4291 17 6930 1171 4500 5910 1689 1434 3483 6684 7 2208 3106 3621 39 9768 480 71 1200 1073 3379 309 54 57 3514 316 778 5182 192 800 3139 69 583 339 468 85 2902 1495 2264 90 861 9054 5497 224 737 995 484 5990 4881 1896 188 1005 236 109 110 751 4336 4977 2291 1587 3448 20 136 2685 383
48 0 1 1283 6 7 8 9 10 2955 8334 4497 1554 148 2325 22 4247 4672 665 26 28 1312 545 34 35 164 37 1575 41 176 300 48 2593 619 2825 184 1593 3825 4157 4799 1344 1601 8355 11 2372 583 968 2249 330 55 2905 79 1643 211 2041 7384 356 335 348 990 5728 3684 1510 1809 1384 745 103 3692 18 751 7569 2920 5843 3561 120 404 63 252 126
49 4164 0 8450 6059 3332 4613 7 8 137 138 132 12 2 15 16 20 708 5158 7709 7970 4507 165 7718 40 425 1671 1452 1325 49 6962 8030 566 186 61 2238 2112 2371 1604 4710 72 969 74 1186 212 5895 473 94 5221 96 8315 996 229 102 519 9713 3190 119 121 763
50 0 2688 4995 900 8 8044 3069 140 4623 9 919 155 412 159 33 35 70 817 444 44 45 46 303 48 6577 51 53 55 1524 58 60 1599 8643 69 198 199 968 1482 587 76 2513 885 859 1372 866 485 1233 233 236 1391 3443 2292 126 404 9467 2941 8702
51 0 1 2818 3 4 5 6 7 8 9 2826 11 12 2 14 15 16 17 18 19 20 9365 22 23 665 27 28 30 1989 35 1826 5659 198 5031 1692 426 1159 45 1224 155 2613 138 329 58 187 10 63 2500 197 910 72 1225 74 78 13 977 3923 725 6877 5603 2148 102 3046 1745 1387 146 1491 371 2420 117 268 41 121 5501 21
52 384 1153 4611 6539 1805 2190 786 239 1950 3999 1186 36 244 146 296 42 300 45 5555 5175 56 1465 7869 5299 1088 198 1476 2886 1096 78 850 1379 4025 6180 2523 476 1862 4834 2275 868 1853 105 365 1469 5616 6514 1012 2293 1001 4089 5034 2175
53 1408 898 4 138 1035 4525 1296 17 6035 20 6126 534 1434 3102 927 7712 289 6051 38 679 1704 5150 3243 45 2094 7986 30 1077 7862 1097 1866 8309 65 3395 325 70 1313 968 73 74 6092 9551 8184 8660 216 6467 3215 92 1758 800 246 8591 1894 2538 807 9359 110 7791 3358 4478 118 760 7291 1228 2218 382 6655
54 0 2816 2 3 4742 7 9 10 139 2316 144 659 7306 23 27 5020 158 928 161 34 180 36 38 6572 1327 8219 178 115 2612 3315 55 56 57 443 61 62 193 451 69 966 330 1867 204 6178 78 288 1489 82 9763 468 95 977 3564 621 509 624 243 830 663 382
55 0 1 2 3 4 5 6 7 8 9 11 14 15 17 19 21 27 28 5664 35 37 4650 1070 1587 4148 57 63 2112 1089 80 88 2651 107 115 117 121 7293 126 1151 650 146 662 152 6809 1691 1184 161 3244 176 1209 189 3774 637 199 1737 725 731 9765 6887 747 1263 1270 554 138 330 337 867 370 374 900 909 402 404 3477 1434 4507 410 8094 155 414 443 957 3008 460 978 8147 468 1495 1502 5603 485
56 388 3309 274 2451 789 154 3631 5276 1184 1697 34 36 38 39 1194 3756 175 1840 8114 948 181 5566 56 825 2746 9915 3006 707 196 325 3014 7499 78 82 211 3796 2264 100 90 1502 223 96 481 1890 4452 485 108 8402 3057 370 115 117 119 2810 2044 8702 2943
57 4099 5 3975 4618 268 429 18 19 404 7918 26 28 3613 30 1442 1572 6565 422 296 5801 43 2348 45 1626 176 200 53 2780 1336 9311 448 8672 962 6979 196 197 2759 968 2700 375 9678 335 8272 82 1877 2134 6616 4942 218 5724 349 3807 480 1506 484 358 4858 110 114 3831 20 7546 2683 126
58 128 513 2 4390 1284 5 6 1 264 396 909 655 19 24 4 666 1307 289 3106 1627 7460 550 3441 1065 43 429 434 51 1334 55 56 3514 4667 1597 67 68 69 716 78 13 720 254 1106 468 5838 342 859 621 2659 6756 869 1768 6379 1132 850 880 1521 510 120 252 126
59 2 2692 646 8969 1805 24 914 536 2948 29 31 32 1187 2980 933 4646 39 1966 434 51 2231 61 702 3908 1096 1100 204 1745 8146 979 216 857 2783 2043 6246 231 873 5459 167 494 189 881 243 245 6134 1385 123 1277
60 130 107 4 1927 4247 656 3 235 409 363 5661 9271 38 297 299 301 53 310 951 58 3126 65 54 9030 583 6135 80 83 84 2017 355 101 231 106 1131 3180 110 113 115 1909 758 3319 122
61 81 135 650 60 2960 1171 408 154 2976 2608 290 869 40 815 48 51 52 6837 566 266 444 3517 63 323 1735 968 1227 6092 7672 468 213 342 215 984 89 1754 351 609 3302 230 487 8819 105 103 112 1137 275 118 5751 1656 121
62 0 1 2 3 5 6 8 138 919 5634 14 16 17 146 19 404 1173 662 2521 111 22 27 2076 9502 1183 1283 2698 1826 155 5284 325 679 28 2858 43 1881 50 4532 7966 1591 2616 5876 2106 650 62 309 4606 907 69 3270 583 7624 3870 439 9634 5773 3363 87 3428 1187 442 1503 480 1122 356 5406 1674 6379 236 4413 112 7454 495 117 4982 3927 120 10 1310 703 382 5887
63 0 1 3 900 929 135 8 9 138 395 4364 4880 1554 5779 660 1779 1303 155 1052 285 1054 159 32 432 65 3100 1283 7 3248 968 709 8947 436 2359 184 3642 8543 64 4801 2371 7492 1349 1223 5448 971 1869 206 976 6481 8402 86 1495 475 3423 1104 98 227 3349 715 2158 4336 115 372 119 2683 255
64 0 2177 2 1283 4 5055 6 7 8 9 10 11 396 784 17 146 19 1966 27 28 157 542 671 161 164 805 166 679 296 145 301 46 7837 158 3003 1930 63 5253 181 962 3211 69 72 1737 2507 461 336 977 3032 9305 90 224 240 356 422 4838 2705 1384 873 107 1005 6767 9584 6769 140 379 1404 126
65 1921 132 4 389 390 135 10 395 396 4610 1679 404 20 21 22 1412 410 28 35 646 37 166 679 1628 44 841 47 432 178 5429 1301 7753 184 57 6459 65 1476 967 72 329 8055 2508 206 56 1491 468 86 1721 88 217 604 353 482 59 6756 102 1385 746 73 112 117 41 2296 121 764 253 2837
66 6656 0 2 131 1413 1 8 138 395 524 13 1424 947 659 404 3477 24 25 27 28 7325 1951 2849 293 49 171 684 1583 136 128 309 3767 187 316 2593 65 289 4040 457 81 82 87 549 3 2274 356 485 231 236 3053 110 112 114 117 7674 3323 126
67 0 387 4 5 6 7 8 9 10 11 2700 14 8080 19 3348 4885 23 152 1434 155 1564 157 9886 671 160 2132 36 37 38 1521 3975 284 519 308 3767 8215 1225 3389 574 65 3266 3467 6147 69 3142 71 7687 12 4554 77 78 212 343 7915 1290 3420 3293 1119 1506 614 2791 746 1387 3692 1263 7537 7275 118 631 7033 126 511
68 517 647 264 137 194 142 9360 8466 6163 20 2837 279 155 1436 1669 7584 162 5667 1320 554 47 8241 1078 4919 62 63 2112 83 324 71 715 76 206 397 2513 595 468 725 3158 2169 8911 604 1888 1506 612 5350 5990 81 2152 1387 108 112 40 1395 372 887 1428 4347 252 509 255
69 1408 7042 3204 6 778 11 7827 3853 516 6543 216 659 2085 21 22 25 24 388 29 30 671 32 4276 37 166 41 426 43 44 824 176 6452 309 54 2359 2616 1593 572 117 3520 9665 3266 139 73 6986 55 4301 335 2744 82 211 84 2100 88 4035 1119 4834 3299 356 1446 2919 60 751 1522 243 5876 501 3561 4436 762 63 42
70 1537 2090 7303 393 1168 984 1113 25 666 367 5580 410 1450 545 48 298 2973 176 432 56 59 577 69 840 73 75 76 120 594 1491 216 1497 90 3293 226 2147 228 487 104 1262 253 240 374 248 42
71 0 1 6018 150 6 1671 8 9 138 523 6668 2 15 4881 4088 534 4632 2972 29 69 2591 1568 7600 290 4131 36 3953 7 2477 4656 2099 1607 1334 439 1721 4289 651 68 54 5447 5195 4044 546 1272 210 83 84 728 2212 655 350 3424 355 3684 2513 1384 2684 2251 1099 8019 903 120 252
72 0 2433 2 515 388 5 8 9 1546 6029 785 914 404 174 1558 536 516 27 2205 158 261 2592 1571 1958 625 42 2859 5038 176 755 948 798 7433 1721 543 1215 2114 9542 71 9294 79 1360 1621 2262 1495 3038 356 1190 3046 231 1384 750 879 4977 243 1300 5882 124 341
73 899 646 776 9 267 140 9794 515 149 1558 23 2201 1562 155 218 158 1311 3824 1571 8156 1195 6188 686 47 7218 52 309 57 58 4524 6589 574 2869 1472 66 3403 4726 72 1611 1484 333 1232 1106 1251 3357 597 1494 1495 1114 92 250 609 1122 867 485 1128 1386 46 112 3826 62 7798 3706 5627 252
74 0 1 126 8875 4 5 65 8 9 12 13 14 15 16 24 5011 148 5526 4247 280 22 28 5914 2848 2733 37 41 199 8365 3502 3759 1077 7 1210 443 1596 4797 446 501 1089 9543 968 268 203 4429 3149 6097 43 88 1807 314 7774 2274 32 8938 8427 5484 621 243 4597 2427 1304
75 1 3 5 1671 392 8 13 14 2448 6290 147 6165 23 155 28 8734 31 33 34 165 41 7 3244 174 1841 562 1337 58 63 1604 69 583 1482 587 2445 209 8271 257 97 1000 489 116 4725 4342 9464 21
76 0 1 2 3 4 5 6 7 8 9 10 11 2060 13 14 15 16 17 19 20 21 22 24 27 28 30 35 549 552 2614 62 63 12 6174 355 3182 114 2168 121 4221 126 4741 1160 2700 6288 145 148 155 157 2208 166 542 184 5313 197 199 3279 728 236 6392 6402 3849 4364 4878 2844 285 1836 1344 332 3408 867 869 1388 371 372 900 389 404 3992 8095 2717 8635 957 2504 484 999 5615 3060 3071 511
77 896 513 4098 899 3591 651 3160 3603 1300 533 22 2265 25 8733 30 32 33 5286 1577 426 299 3884 45 7342 6961 50 52 183 1593 2378 75 289 1352 330 331 5582 720 254 2258 78 342 5848 6745 90 135 3293 4959 1251 2533 1638 103 1258 82 9710 5872 243 501 123 2942
78 1566 4994 261 1801 10 11 2818 5902 1581 1936 3416 146 2579 2198 1690 1310 32 292 37 168 426 2614 178 1714 307 8116 2142 5558 1591 6644 58 443 1597 53 64 9888 587 3525 70 1482 183 1686 5707 3284 87 5336 859 3676 1502 352 8802 355 356 102 361 7658 1260 1981 6131 3700 245 119 1913 2858 2282
79 0 1 2182 897 8 11 140 782 3983 18 532 1557 152 25 4122 157 410 159 4281 35 2983 71 500 50 51 8244 57 443 62 706 3011 256 971 5069 4048 291 87 476 2533 3024 98 484 485 4971 238 112 372 5241 997 126
80 0 1152 2 131 4 5 8454 1153 8 137 138 7575 2060 782 15 145 659 148 4950 2198 919 5124 3598 69 290 1572 39 6057 426 1195 1454 50 1911 948 990 2614 184 287 316 1034 6337 451 197 1862 968 1217 971 4320 6735 164 3923 14 726 5209 2063 3166 95 224 3 227 3089 1256 2812 747 108 496 8040 147 1012 1065 4923 3708
81 259 7 138 5516 527 144 147 20 21 662 2217 282 155 29 8094 32 33 37 166 167 681 554 300 45 3631 432 8243 4281 59 316 829 63 193 7234 69 329 5507 994 78 80 209 5091 1750 727 1627 861 95 1296 65 355 359 6951 2668 1135 114 211 757 375 120 764 253 277
82 6656 3457 8342 1665 777 138 1671 1218 3471 1937 8643 22 2967 25 155 2717 30 3205 36 3142 7975 426 583 2739 5853 4018 51 53 54 73 56 58 61 1983 578 451 1734 199 841 55 565 339 3097 7253 2908 9722 3493 263 225 484 999 873 2282 235 1606 494 242 247 120 1274 252 7677 126
83 1 2 7 11 4238 3730 19 22 3175 2073 29 31 162 549 38 3244 49 50 1843 862 5942 1595 2492 6005 267 70 970 589 4178 84 859 2780 2654 998 102 103 779 105 106 235 365 7315 501 120 319
84 1 2 3 4 5 390 321 776 599 12 13 15 17 5268 3222 155 1180 29 653 6049 34 38 5031 1244 1364 1327 8 440 57 62 3008 65 4291 3140 5276 455 1737 74 204 2126 2701 4432 1745 3412 86 9047 348 5725 1232 1275 7908 229 102 487 1256 3281 363 621 4210 117 1236 4347 125 127
85 2432 1412 422 9 138 139 524 13 782 16 17 1554 19 148 24 516 1052 1312 417 18 163 164 37 166 1393 552 938 45 2065 121 2052 442 187 970 574 1344 193 11 836 1292 74 715 3024 1106 544 88 36 6234 219 1756 1757 95 4962 355 229 615 1256 1001 1388 850 238 1137 626 1398 249 762 636 253 4606
86 0 3 4 5 7 9 10 267 13 14 271 16 145 8978 19 277 23 538 28 1114 7584 38 227 156 9514 6087 44 303 968 178 310 1591 4537 60 961 68 3526 199 72 76 5773 211 596 1294 1601 599 100 90 348 1757 96 2019 131 1702 1896 1468 245 1017 510
87 1 2 4227 1412 1541 2825 651 909 142 1041 18 20 538 1180 2334 419 6052 70 1702 679 552 327 1583 1073 179 52 949 62 1227 197 130 71 177 331 81 82 1370 2268 353 995 108 253 371 632 1273 2045
88 0 1 2 2475 4 135 8 9 10 2316 9358 15 282 3345 914 4500 278 410 6831 26 751 928 161 290 1571 5668 1958 3879 1704 554 7 7727 5296 3704 2739 155 7734 1583 957 2372 1223 3400 5931 330 4171 7117 5326 79 9208 83 725 7481 2212 7777 3044 869 2919 1384 4841 3563 5778 1263 2674 714 4266 2552 9593 38 5546 510
89 2 8790 6 4618 268 1134 3470 15 272 17 146 1172 21 1431 5175 26 155 30 1861 545 1954 27 164 37 424 41 2503 1020 943 48 2120 436 53 1480 2377 9657 58 1340 1981 3137 1008 1734 161 968 73 1847 34 206 79 594 726 1495 1121 4962 867 102 5350 103 233 110 240 625 121 7548 636 2941
90 896 3457 5 6 3977 138 139 140 8461 14 655 6160 17 2322 19 21 22 23 1808 1242 27 28 218 30 31 33 7707 37 679 424 1068 45 686 2736 52 55 184 1151 287 8381 63 449 2371 4551 2977 331 1183 7245 646 1016 2074 2899 1110 88 90 4829 9054 97 2020 5905 1640 4329 1260 110 9299 7671 120 123 638 4479
91 2304 387 5 1287 8 9 395 66 8334 43 4370 1091 663 152 1691 3229 4171 5664 176 5659 421 9127 948 647 3244 1070 47 27 4148 7607 184 825 919 3003 2492 445 654 193 962 1227 455 331 77 78 11 1746 211 5275 14 2033 983 216 2905 5850 859 1119 4962 59 612 4581 880 881 339 374 869 120 1437 2685 126 7167
92 6166 1799 2696 1673 2191 17 659 789 22 1714 24 3097 27 4361 293 166 551 41 299 45 2840 1583 304 49 9138 8948 2738 57 316 190 459 1862 97 74 715 5329 611 169 152 7776 8801 3299 356 1958 106 107 1772 1123 7924 9906 2067 25 7977 121 2298 38 4221
93 2067 915 276 150 152 1951 160 33 2979 36 549 40 555 1010 48 50 310 185 59 193 1736 201 78 1103 597 87 164 3535 3706 606 737 237 750 370 147 6137 122
94 6785 1412 133 264 151 524 782 4625 2965 25 2329 156 544 162 7971 38 2601 170 1223 812 946 686 4657 178 180 8761 572 1344 2882 325 5447 4425 206 1360 725 857 218 225 1506 3428 7590 145 1000 1001 1387 232 4850 632 4857 252 5909
95 258 2820 7173 1161 267 140 5390 271 344 402 2195 196 3995 2460 1575 7081 42 813 50 4021 55 321 5442 195 68 1863 652 331 76 2894 9039 849 1112 2138 79 4837 487 488 3751 2670 111 240 3441 1017 3198
96 2818 131 6 391 1417 778 11 12 17 19 1429 22 24 25 27 2844 542 709 32 33 1093 504 2088 5033 455 301 687 4914 53 184 4801 31 189 446 63 2240 65 69 199 74 715 1361 2003 596 96 737 1339 212 229 593 6376 106 40 609 120 249 126
97 0 1 2 3 4 5 6 7 8 9 138 11 12 2573 14 15 18 19 148 21 23 1434 27 5276 285 9630 5381 197 363 497 28 426 3397 4142 815 1200 7155 329 1807 6361 3231 2492 62 65 6082 267 69 1478 1095 2889 1738 1868 4301 78 335 5712 84 334 6102 1112 1881 9691 2653 734 5582 102 103 700 1258 6379 3858 6062 624 3441 1395 707 120 249 252 4266 126
98 0 1 2 3 4 5 6 7 8 9 5130 139 12 14 15 17 5394 19 20 7022 23 3097 410 27 797 329 927 41 1450 44 2478 157 1736 434 7347 52 1161 641 6201 58 62 63 1090 11 69 2246 72 7753 82 341 303 3065 2008 6628 26 5084 355 2148 229 5350 4040 236 18 1006 114 915 285 2039 120 121 7173 9155 725
99 0 1 2 4869 6 7 8 3849 138 139 12 6402 15 17 19 20 686 406 7959 280 27 28 1541 32 1954 3109 3110 39 168 1052 199 173 2478 175 5936 1334 61 62 63 65 7234 708 69 454 583 1352 503 1612 4258 8270 84 2918 303 5160 1966 5851 1756 101 609 482 867 166 742 9447 616 8044 1648 3057 2163 119 1274 891 252 637 1023
