500
0 4385 8413 3012 9021 6472 7561 8650 2892 5005 9807 968 7474 148 1207 9659 3261 1470 1791
1 2816 3936 8699 548 2437 6054 3783 4010 2207 2349 4526 205 9968 6339 7181 1924 8987 6205 5790 1375
2 1216 133 7 4092 4332 1458 9533 1104 5842 6644 457 5272 9580 3963 5244 5085 5054
3 7296 1665 4230 5775 5010 8595 2595 6956 5300 8251 4541 5827 1476 1098 979 6613 5340 2784 4076 5622 9464 3453
4 8832 8768 2555 1668 9993 8618 2413 3950 5232 9683 3828 6389 9878 9577 4314 3802 4319 9806 3005 1973
5 6915 9093 5258 8107 3087 3731 6676 8343 8217 7834 7429 1444 7206 7467 952 3393 2760 7753 6986 7992 4439 6617 2396 9169 875 4589 3823 1396
6 705 9698 5979 3012 5887 6412 6826 565 2028 6061 2640 6613 5621 4412 1625 2460 2555 5948 4958 1087
7 3584 4744 1900 3543 7820 8726 1571 8284 6325 7519 4029 6598 4176 6482 4311 9564 1375 7265 2152 7530 8812 9075 9205 6653 4223
8 9733 9096 5259 654 8005 5783 1183 6049 8994 8487 1452 1205 5748 8763 1084 7997 1472 321 569 1943 3144 1868 7842 1615 3925 8279 3678 5228 8125 3188 7413 8696
9 8352 7266 8683 6692 837 7463 3176 3113 196 3723 9733 4226 6062 8498 4869 622 5977 7762 6026 1822 3391
10 2067 6945 4569 7652 8125 6762 5131 6986 2510 4985 2480 4851 2868 9238 1303 7672 697 6170 3859 5981 2175
11 1728 128 8580 1157 3782 8561 4457 4170 4875 5072 9745 7026 5652 213 249 9464 889 730 8512 1477
12 3073 389 4454 6577 4225 9706 3499 2962 6831 720 2577 4626 4500 7641 2555 828 7039
13 4448 5188 9948 490 658 7837 210 447 8246 311 8089 4314 155 7516 253 1343
14 4352 7296 5606 2342 71 3144 700 780 493 8364 7228 304 5171 1454 9303 88 9914 252 1535
15 2182 2959 2320 7572 7829 2652 1774 935 8028 8874 4907 945 4151 5946 9019 2240 321 1734 199 5451 602 7772 4957 7782 9393 6766 6651
16 4336 7014 4071 4776 8212 1774 8495 7888 2065 6482 1556 9014 4921 1496 3673 7873 847 9244 2881 52
17 1467 3074 1123 8068 2243 7431 105 9194 1228 8078 5907 950 979 2904 7001 1595 3836 6890 2430
18 7299 2052 7815 8332 6931 148 1989 6458 5307 5237 1984 3268 8005 5064 7120 1875 7000 3936 6502 5479 9703 7148 9202 4596 4213 9465
19 3968 1043 5269 8858 8221 5155 2598 6696 9129 3371 3884 9659 1212 6461 976 979 4060 2782 4326 2663 5739 1133 9848 3835
20 7296 1031 7438 7569 4547 4765 4126 6817 3877 6694 937 3377 4538 4155 5437 3902 8639 1347 836 90 1139 3320
21 6400 1796 5509 5126 8455 2324 3222 9759 8227 297 2986 1580 6082 583 7372 1101 4816 8017 215 4954 5226 4855
22 1248 1922 3173 1766 9160 5340 7114 9931 1962 5679 1168 4904 6482 7605 8860 7165
23 7296 8193 2563 2574 2962 2451 8431 5409 2595 9125 3753 8754 6584 200 4812 3790 2128 4306 9689 3418 7133 3438 5359 7153 8947
24 311 1259 9829 454 3281 7280 1867 2123 5507 2937 4176 4945 8088 3011 8406 2071 1528 9835 9532 8989 1125
25 3584 624 1282 8644 7 1256 3913 7751 3719 4687 9008 1408 2037 316 5721 4666 8959 6652 3070 8863
26 3872 6785 2471 4907 3836 2662 3457 5064 8636 8327 2188 4841 3376 689 5303 9889 732 925 4990
27 5643 7055 3984 8722 9496 8473 6191 8092 5412 2597 9135 3122 4662 4027 5572 4556 5834 8268 5069 7652 3174 3943 2666 8830 2297 9982
28 5632 6148 4486 6281 8205 1806 1429 8344 5278 5412 2858 685 4784 9139 1694 439 699 834 455 8531 8524 9443 7438 9435 5341 8931 4844 9968 5747 3964 1917
29 1601 6787 8293 6438 6920 9 79 2327 6702 5821 6534 4136 5275 9972 8502 8297 9881 2842 3355 2234 2437
30 9505 2 9763 2373 5958 7495 5436 139 6855 9742 2930 984 8538 1307 3612 1661
31 8897 4674 115 774 3110 4551 7759 7563 1230 591 9249 307 148 6421 2555 6101 5823 412 7710 5887
32 2946 6532 8197 5903 4626 4628 9838 7335 3498 5166 6330 2240 8523 1871 84 2902 4985 2534 6374 8040 8174 7664 9832 8307 5108 3705
33 6187 7429 2059 6029 1822 4651 7601 2014 7358 3008 3393 4086 199 200 1737 7883 8396 7885 3032 94 6827 8812 7281 2934
34 3360 4513 5413 1799 8792 5417 9930 4176 2680 3986 106 2073 6485 151 2392 9241 1979 2077 3077
35 3074 5156 2277 6950 3185 5866 8139 221 6993 2835 2741 2166 7379 8970 8511
36 9409 6467 5505 8689 4874 5491 1868 2162 5912 2322 9187 6686 7511 9144 4377 7802 4027 7933 5822 6001
37 7296 9664 8071 269 6161 2962 9367 5022 6687 5408 802 7716 9640 7155 9783 5053 7744 2121 8784 981 5982 7392 3687 755 1533
38 8065 8994 1763 678 838 872 7626 2475 6109 8680 9235 3894 6775 9848 7162 9903 3452 5338 6824
39 6060 8716 2199 2205 1953 41 6699 7980 6198 1345 3525 7751 3787 3958 476 2016 1642 9707 4717 4726 7033 1534
40 7681 6281 268 5658 5922 4517 1966 2617 9538 3012 966 8994 979 6613 9306 989 3167 5219 8293 5862 873 9459 2809 8573
41 7254 2570 3339 2958 3089 5523 5398 5548 557 3249 9522 5043 7220 574 5060 1491 3982 3286 4314 3686 4211 1397 5113
42 3074 2697 6154 5009 3348 8345 3488 8354 935 6193 8905 569 3515 8896 9545 979 988 2653 8593 2411 5524 1534
43 2058 3728 1430 8346 1648 8740 3509 7864 5307 1853 8000 321 199 3529 9685 5594 1642 7920 8179 9846 9719 5880
44 9893 4199 9129 2941 2195 9780 8382 633 4985 6964 9212 7581 7870 9023
45 1440 8384 2 2019 3588 9829 4583 9834 3047 8557 7438 9199 4931 7060 4901 2628 2447 6492 586 7422 9025
46 9152 1774 8866 4958 3467 8994 3854 6382 8374 3996 8605 8990 3807
47 2564 6582 3014 6285 6447 3032 6495 7828 3349 8470 7736 148 7962 3679 7132 861 20 8031
48 3233 7938 6147 7652 8325 3814 9063 5384 6327 4482 3857 8529 7124 8994 2871 3064 1625 5435 5180 7230 8095
49 9600 3843 9605 7434 523 5783 1702 9137 6073 6202 6587 2236 7997 3774 7883 5195 2511 1789 9968 7026 4214 5880 381 6270
50 6497 7055 5880 4488 3401 1162 1515 7213 6639 4399 6901 2613 502 9528 1691 925 9822 2687
51 5762 259 647 408 7833 6938 6301 5151 5920 935 6573 4401 5557 6071 7992 6458 1439 7485 9407 6992 979 7253 2768 4966 9191 8941 8893 626 5748
52 6925 5778 7699 3758 4761 6938 9244 7586 935 2731 3954 5038 7856 9265 6456 7742 7755 1740 7120 82 6100 6248 2962 3567 5106
53 1666 6020 780 3586 7699 1429 5014 7577 3356 6363 8484 3877 9770 427 8880 7736 443 2755 9028 1607 979 3416 5595 8414 4834 8549 4326 8168
54 3586 8579 3461 7438 4624 657 2773 9623 4765 1950 1954 2206 9535 5440 1731 2892 2898 6101 2521 8539 6492 2530 6030 9836 5885 5589
55 9120 7488 547 4804 1110 5286 4073 1194 427 6797 7855 8144 2929 7147 6100 6672 2070 9016 1919
56 4096 7552 6662 2569 1986 5902 656 2962 1262 8214 8090 6447 4787 5564 9921 7874 3012 863 9443 3047 3566 5615 7665 5492 9336 8702
57 6433 9284 7333 5601 7816 4553 3660 1390 5969 9075 9716 1557 4539
58 6275 9869 9619 3732 5654 935 4140 8756 7864 6980 3916 9684 469 3543 7902 4199 1770 8428 3565 2544 2677 6137 9450
59 2 9738 4107 7438 22 6812 8368 625 9260 941 9007 8752 7989 443 4801 4035 3012 8005 9545 4950 600 2659 1774 9840 6897 6902 7806
60 5056 5715 6492 8491 9892 453 3543 1916 7929 3113 2770 8883 7508 6197 7479 1016 2457 3386 412 7903
61 6241 1122 4419 8470 1638 8225 3753 1802 935 4972 5008 6170 4326 2900 5301 3894 364 4314 1979 2554
62 6538 1682 1299 2840 3232 4001 5924 8102 7481 2240 451 6727 1225 5412 4035 1121 7906 2662 5224 1900 6381 6258 7413 5495
63 8953 5988 9413 6054 1785 5804 6541 5390 79 4624 8851 3827 9518 1175 6744 5497 250 7949 1125 6078 7861
64 9601 6054 6631 3144 2986 3115 9902 3759 560 7442 8757 5110 4526 2712 1391 3676 8125
65 6144 3424 6114 1355 8582 1574 3144 1546 6539 7782 3074 5135 2422 5078 4219 3613 842 8813
66 6240 2147 1414 5735 6920 5297 6938 935 5677 8527 497 1075 1429 7447 696 4377 6074 6458 4156 413 607
67 7296 3651 1668 7269 2182 4849 9960 3548 3012 3982 5277 6168 7795 7636 7438 5561 9848 5428 5748 412 3549
68 6032 9282 7075 2340 5926 7718 935 7115 2764 7949 4080 8305 6258 5251 2551 3961 8733 1892
69 3210 4951 7949 6801 6547 1430 3992 8729 7709 3751 427 3002 8894 7669 1781 8134 5962 4174 979 8663 2910 8684 6131 5493 3195 3964 1918
70 7429 7433 5386 4367 1681 6292 6554 8349 4638 7077 3885 3505 1586 906 1727 7880 8522 1119 3936 6625 9444 9842 116 2422
71 2432 1668 136 4362 7949 8209 1429 921 793 286 545 7131 2863 8887 8508 9917 6978 326 1227 2897 6747 2298 3166 6752 5393 9330 3830 8183 5880 7289 9338 7806
72 4705 5698 8603 8293 9270 7713 200 4457 4459 9993 8431 9299 3540 6102 3161 4376 4281 7194 6491 5850 7135
73 3584 3969 4995 9732 2184 3102 168 1081 5053 3263 6595 75 7500 336 7762 4985 7771 6367 6370 2788 4837 6889 8812 4079 8053 2681 5503
74 6499 164 2085 3720 7651 1776 7800 8243 3573 7517 5911 4888 5923 410 8701 478 5631
75 5777 8722 2970 9498 6817 7593 2476 557 3758 4271 6192 6213 1734 7585 3408 6482 6232 4704 2555 3428 9961 8043 8309 4985 1787 8830
76 7296 3841 3074 9736 3721 3882 4786 3120 8498 7221 1083 6718 76 7762 9954 1763 1788 7018 1515 2796 7153 6003 9848 7292 9470 7679
77 8193 6642 321 9959 4168 5449 1346 8589 8238 4399 3213 7432 6962 84 630 8151 4890 2815 284 8671
78 7968 5762 7949 8776 3049 8778 4855 6316 5070 1678 2986 6312 9557 247 4728 8986 6011 7004 8125 8316
79 3074 7429 8713 1164 7205 7849 2349 46 4403 5302 2057 1908 4801 585 6346 2252 5347 9317 2417 9075 1140 374
80 9088 3077 8209 1319 8491 4654 6710 6584 7740 3894 2005 214 4315 4831 2407 8169 5869 6134 4215 9722 7166 3285
81 2240 5441 9667 1860 133 7329 3048 5193 9677 5456 6640 7153 3747 5539 7606 9239 804 9823 9055 655 7615
82 4514 5124 2662 9798 6505 3946 8491 8716 5869 4430 4655 9872 4721 6963 8406 1626 1534
83 4320 5083 7652 2390 7078 72 2231 9548 6765 1358 6952 5266 9299 1780 4533 8022 6615 1018 7771 1603 7709
84 3074 7 6280 4624 1044 7195 7459 9636 1710 2615 283 9025 4035 3022 9040 8401 9188 356 321 3689 4842 4852 745 9962
85 1040 6210 5219 2470 7590 2986 4646 5004 9010 1871 2032 1106 7443 7699 2485 707 7927 8248 1625 1757 4350
86 4352 4385 1914 7783 9704 2733 2892 6797 6734 6237 8462 2568 3282 1429 7574 9944 7418 5307 5117 6110
87 2307 4100 773 6465 652 9741 8736 6052 8493 9007 7968 2496 5825 1218 7748 5580 2155 1003 5871 496 3316 2295
88 4994 7699 5780 5412 2986 9008 437 1597 2240 6850 6730 2892 3662 3279 8145 5340 1117 9953 996 5862 5097 114 3326
89 8373 7707 2468 3371 2408 4953 2092 9293 9422 1105 8306 1428 9461 8406 2263 7545 2139 9820 6699 8831
90 9834 8370 8904 1308 1559 9483 7242 5555 4847 3728 7752 1554 6547 4244 9289 1208 2266 4175 9852 605
91 6403 8836 8586 8976 5507 3092 8604 9761 2600 5547 8110 1585 8498 4147 3771 447 2121 1356 6221 2128 3545 6827 3053 1134 4094
92 6035 4629 6551 6296 8772 9129 1199 8496 9265 2240 321 8516 1738 1232 4180 6101 4699 3553 6376 4971 6258 5748 5371
93 9280 9007 6882 3717 3783 7880 1801 6187 9421 3278 205 787 5762 4182 183 6393 4507 3325 517
94 2112 1379 2052 135 5608 9227 6270 6611 1117 3280 7368 7090 4967 9160 9086 4056 4121 7258 8284 5437 3038
95 5856 7233 7203 3781 8547 5287 4264 5962 5451 8069 1995 5775 6547 788 6613 2648 9850 9199 8417 927
96 3105 2850 7971 6500 4340 3023 2472 650 7179 7880 3469 4985 7715 3827 2100 9462 569 8324 5683
97 4224 4784 7108 1267 9193 6613 8267 2860 4429 7183 6675 6674 5715 8692 3741 9545 1529 1052 477 1557
98 257 2754 3012 7429 6631 7164 2379 876 5762 5295 5748 567 3192 3716 9402 9692 8671
99 7296 5639 3727 4639 8104 6185 299 4402 5685 1080 188 8125 4423 2121 9038 5340 227 4330 5483 4648 9079 9852
100 4364 8722 4501 9500 34 2212 1192 4280 4160 5446 3144 7241 5194 1739 5708 4050 9252 1498 6125 6258 3445 4985
101 7439 4893 8742 5800 2604 2615 8125 6849 6083 3276 9681 2003 1492 6231 9567 9573 7276 9709 8307 724 4346 7550 2175
102 843 225 3755 486 6630 4679 8329 8074 2647 6286 1510 4871 352 850 2003 9271 9857 7312 3516 221 4035
103 7556 3341 8722 8994 3241 2605 564 9545 5432 9787 7234 8005 6982 8008 969 6347 6157 979 3932 3936 4539 4710 3567 2288 9720 4986 9598
104 1668 5894 6537 9357 7709 5933 174 9007 9777 2998 1289 9530 7996 3522 3909 4808 7762 9955 9943 7267 8939 2413 9043 2293 5240 1149
105 8452 9225 6030 8465 786 7320 7586 1829 7975 309 9270 4664 2118 7240 2635 5334 3290 4957 9312 5862 8722 7670 122
106 3936 3746 8804 7079 360 3303 2893 1357 7309 2024 5715 2555 5020 1117
107 9632 1728 6471 2961 9606 1831 8391 4290 3982 7759 9137 5138 4979 8830 3254 2327 3838 9183
108 9665 6827 6534 8678 321 5704 4170 7531 4940 5709 6126 7759 529 1971 5006 6135 8134 447 540 8125 2741
109 3586 3718 3982 5396 6805 7709 5663 8994 9007 7344 7858 7486 1461 4793 958 9031 716 5715 9444 8293 6122 9199 7925
110 6881 3490 9411 1446 9294 1581 462 4045 3504 6200 5458 7284 5141 8598 1112 1145 9179 7032 5053 7967
111 738 2179 8761 4679 9449 8300 3437 621 4985 113 5458 8019 2644 7413 2422 9593 7481 4474 3894 3101 4991
112 2176 9184 2018 7931 8932 6949 2278 321 2634 79 1503 4789 246 4823 420 7621 6331 9610 6373
113 4865 6459 3012 4102 6962 7880 3145 6251 4396 2061 3950 1839 7921 882 6467 935 278 5049 1071 8491
114 2 7310 9616 5399 1058 5412 3758 3887 6323 3130 7874 6470 5063 79 1488 7762 4314 6586 1633 3684 8167 9713 504 9723 8700
115 9124 3813 8870 2218 9515 8652 2290 5966 9040 7889 8146 1204 7438 54 9111 8441 538 8765 1631
116 5152 3074 259 5156 9161 3530 5835 396 6034 1134 3501 6672 9746 5492 1774 4020 4314 5788 62
117 3744 3024 5918 6789 935 8010 6030 5242 7120 7710 6516 4558 5014 1401 6426 3103 1534 2013 2734 4341
118 5636 904 2318 9432 9494 6404 2586 7154 3894 2240 8387 1479 4939 7438 7896 8027 4317 100 8295 4840 4199 9965 1904 3058 6643 6261 9086
119 604 5094 2537 9034 2583 5962 1298 176 4274 2739 9589 4873 5848 505 5466 2876 2922 1429
120 1668 5381 134 2443 8623 9244 3235 2340 2982 9007 3376 2226 7742 7758 3538 6369 1508 4326 9065 3182 3184 9075
121 1984 2288 5090 2571 6566 4423 9192 8203 7949 8750 4751 4720 1265 178 7860 4277 508 4285 5247
122 7558 6538 3543 4246 4633 668 5917 6560 8134 432 9912 2494 5318 7501 468 2774 4311 9178 612 7912 2932 7669 3451 5245
123 2818 9988 5386 7949 2327 24 6313 7706 5788 2857 300 4526 6578 1593 8891 1476 1478 80 3158 9431 8922 7133 1374 2279 5929 7288
124 7072 9699 232 6621 2058 811 1933 3981 6896 6033 7157 8951 8601 1722 79 5917 8725
125 1152 8848 8674 5412 9545 1634 9040 1362 7699 6900 691 2889 7992 2900 9786 6875 5052 8154 5662 447
126 9089 5762 7684 1290 9874 2052 3364 935 552 4649 4780 1454 9533 501 5442 2657 3017 4941 6226 2643 7252 8289 7652 366 6258 2165 2171 5500
127 4035 1668 7414 6376 1724 2517 9451 1134 7824 9073 5746 4883 4020 6613 822 9224 3993 9244 4170 3071
128 7557 4363 8977 2607 6954 6827 4527 1850 960 3137 6262 1223 7883 4813 4948 3157 6743 4314 9968 3955 118 3631
129 385 2 3243 1988 965 8387 8233 4535 9826 3885 688 4689 9891 617 2146 6938 1275 9404 9694
130 9089 2 4481 1289 270 1295 3728 2327 6936 8985 4901 9533 6463 321 6978 5316 713 843 5198 5330 9174 3543 8410 353 487 9327 3578 2555
131 4450 6187 2699 9989 8423 8617 6282 6155 2258 2926 5519 4977 1042 4435 8718 3158 3607 1979 9244 4573 447
132 3074 259 3972 6537 3543 5005 6161 8724 4375 7579 9380 4923 1911 8531 4087 5593 4188 5412 7277 2414 7798 5239 1144 7545 8827
133 4672 545 4835 6212 3365 2150 7425 9576 9129 3050 9323 1261 9230 7709 1105 7892 8190 1896 5176 7997 8062
134 3481 6115 6470 6454 3622 3528 8365 5990 2088 6514 9827 7797 6134 7639 9224 7513 6427 687 6469
135 9861 7820 7575 25 5664 9584 1317 308 2240 8387 3653 7624 9930 76 78 7769 5477 6375 8043 7151 3568 7153 2034 9461 3958
136 8193 2 8515 2886 9224 4777 4107 9453 9007 7153 7602 2155 2196 7283 6584 1721 7930 7327 8895
137 3521 8587 423 4008 2761 9911 4880 1105 979 105 6613 3894 5367 9049 8253 351
138 8193 3074 3435 5559 8710 647 4107 8396 3783 7153 7444 8181 3542 2103 8056 3668 9114 8125 2142 2229
139 8609 4388 3894 7997 929 7628 7917 9037 1968 9811 5748 4470 6937 8890 7709 5445
140 2848 7792 4229 3590 1672 2121 9533 3664 7240 818 1907 1429 4892 1469
141 6048 9007 1186 6916 5637 2184 3371 8012 5346 3012 2288 5715 3796 6899 1274 5267 7995 3836 7069
142 7472 1667 1156 4614 7201 1736 6089 7852 7408 9517 2736 4112 6387 8470 2340 4731 6428 6271
143 7936 2 5451 6724 1895 427 7179 7180 5293 8590 8335 2098 2773 5144 6303 8476 2013 2431
144 2 7461 6982 4328 8585 4779 7714 240 3476 649 3543 4116 2555 5949
145 4099 9615 2960 7708 5028 4647 9007 6961 5687 7101 5323 7507 2393 6750 3044 5607 8044 3411 4985 8186 6139 6909
146 6938 9110 7880 8172 5706 7575 3084 1490 7791 7153 9177 6355 5064 3253 5846 3831 5017 1562 2555 7306 8894
147 781 7694 1042 3745 4521 1963 2611 820 7351 9791 2896 782 6744 6113 5605 7146 9965 9968 9207 5112 891 8554
148 2 2183 5612 5002 7438 7325 1696 2340 2215 9652 778 2240 1105 4053 1628 4707 1383 2028 3054 1085 7153 9844 6518 4472
149 6592 800 4803 1668 8646 8358 8267 7547 5677 2670 7631 3060 9710 4407 2623 7599 8766 229
150 8487 359 8228 3045 9990 8263 887 8910 4624 4377 7762 3061 2169 8025 6744 5401 6778 6523 3580 7741 1589
151 4352 6276 6919 1546 5003 9102 9615 2962 6807 7587 6321 5558 3261 84 2007 3672 2908 2288 1524 2805 9848 2558
152 4993 2785 3512 8775 6153 4043 108 8845 1454 5744 2289 7379 1335 1912 2611 6778 4347 5660 7487
153 7699 7001 9374 2979 7854 9777 8862 2365 8386 3907 6470 9164 983 9305 1121 9831 1640 8425 8298 367 6547 2421
154 952 5857 5858 9795 9316 7653 220 2986 4941 2414 5528 5840 8433 6291 2965 3158 3799 2264 4312 5086 1663
155 6404 6283 5908 7960 281 6938 411 5023 6305 3363 2855 7734 7610 4923 3776 6390 9160 7120 7765 7517 7533 2933 1142 8980 4093
156 9351 3885 238 3482 8092 5280 7979 3629 4144 6327 569 3521 8644 839 9418 5068 9424 9615 3041 2158 6895 1534 8597
157 4736 4352 8162 1188 135 2157 5554 4787 2869 6360 7044 5467 926 4767
158 854 7688 4237 7961 1049 8987 6044 3869 1950 6178 4908 321 7235 3012 3021 7759 4562 2518 79 5989 7400 7153 1138 2036 120
159 993 1756 5477 2182 871 3036 5674 3543 5038 5263 145 2963 6036 7534 5335 5784 7673 6404 3739 6460 3836
160 6790 7688 4241 2962 7200 8994 3494 9007 9013 6327 1471 3521 8780 6351 729 9562 3023 8805 8552 6379 365 6504 2550 1531 8702
161 2006 1544 2190 1039 2962 4765 4357 1056 2341 9510 1195 9900 6715 69 7367 5713 8406 7652 914 1524 3830 3576
162 7652 3982 6152 718 3600 1169 2962 9011 8821 2777 472 7481 4378 9404 7790 3519
163 6020 7173 1299 1668 8069 6688 8998 3634 9398 3259 9408 8387 2630 8140 5715 7127 3935 8803 6888 6506 7787 1263 7413 3830 8057 2943
164 9476 774 2187 5389 5848 2962 917 6680 4505 3108 6949 6187 9132 7861 8887 5688 1987 7365 1871 7249 9048 5465 8797 7410 888 7163 7932 3326
165 2240 766 3074 1125 4561 3432 427 8717 5326 3920 9224 1394 1683 4206 9270 1912 2682 9693 3998 7474
166 6306 5732 7845 6088 3338 5867 8716 2989 5134 2288 6481 4948 3926 3383 6756 6946 2716 3966
167 6 9004 5775 1774 5412 3880 1708 7213 7732 949 777 5304 3772 4588 684 6359 6671 348 7519 480 6377 8812 2286 9463
168 6401 259 2437 1548 3089 6087 9765 6567 427 7087 4914 3905 9671 1608 973 6609 1873 2792 6254 7541 6905 6140 3453
169 2049 3074 2446 5661 291 4134 3368 7730 9075 5044 9015 569 4799 3521 5186 9669 2679 1868 8227 6742 5099 8431 1363 2676 8439 7807
170 8512 5251 260 397 3089 8850 7193 2204 3486 3625 1453 9265 8116 7733 2752 6337 8387 3012 9669 2249 9549 8272 6360 1042 9075 2555
171 3723 4622 1299 2326 3354 9501 1064 7210 3374 5917 5814 4791 58 9789 4797 1731 7237 3015 9036 5962 6092 6861 3163 6622 7652 5609 1341 1904 7153 4340
172 4352 1 3012 936 8812 4074 9195 5964 2285 9678 6002 5876 661 2004 2299 8125
173 4354 7949 901 1160 9858 5647 7071 4266 5552 2696 7736 8773 5704 5326 79 2766 4698 8668 354 6627 4712 3050 369 9843 7029 4168
174 7043 7652 3606 935 5320 2698 9483 8579 5047 3012 200 2418 1619 1972 9621 6134 4311 3316 1534 1655 5077
175 8416 6176 3458 2595 8103 6409 3468 321 3536 9970 2515 7156 238 4151 7737 6843 4604 3677 8716 1343
176 193 2531 3429 9862 321 1800 5961 4362 4311 4236 5582 2288 2193 2898 8707 4532 4901 3990 809 3032 1343
177 3584 4610 835 2715 4359 4232 867 1196 6258 8526 7517 2643 7795 1396 510 3543 4696 3012 4379 8829 7294
178 6145 8834 2693 2699 4886 2329 5538 3240 3113 427 1710 9666 8133 1606 1869 8910 1246 4323 7915 4975 1960 2171
179 7456 8075 9543 7308 935 5831 3116 6706 5999 6258 5715 2453 8731 7197 1343
180 4228 3079 650 6795 780 6416 3602 7968 8490 1323 6188 9518 9392 7859 9273 9659 5321 6737 5331 8794 8442 5520 4337 1782 3194
181 3904 1760 9348 9649 412 6391 2444 9784 8462 6735 2288 3665 6834 5779 7886 3502 2008 5849 1668 420
182 4487 2058 5260 7182 5921 5412 5029 2857 9139 5048 6460 1213 4033 9825 2377 5962 203 1741 719 2643 6101 6358 3543 2527 2529 1134 9842 979 7675 8445 7806
183 3329 2 9991 9484 1043 541 5153 2087 2732 7352 7739 7630 7001 2013 3812 6503 3432 3820 3309 1134 8048 5494 8824
184 7296 5345 2467 4284 7045 1299 7880 6953 5738 8235 499 2096 8947 9812 8021 1984 7225 3733 1276 7902 5445
185 3757 2818 355 7483 7186 1641 745 9196 2114 2349 1393 9650 2415 8386 2519 6947 1810 431 1596 3304
186 1560 4708 5796 1105 2343 2857 1607 4974 4559 2288 1587 6867 9848 7460 857 1658 5007 2557 5119
187 6658 6920 7689 2 7950 6161 4242 794 6555 8092 5662 2630 8230 435 6454 9661 3910 2505 4962 6798 6616 866 2404 507
188 7040 7680 8714 139 1550 925 5030 3632 4362 321 66 2116 7110 5323 1763 9444 1127 110 7023 6386 7027 7413 7678
189 7683 9347 6151 7949 2064 5507 6299 412 4253 8491 4781 1583 4276 6326 4795 6334 3783 1367 1371 7775 7652 8313
190 2246 7489 4866 9573 3942 9800 5309 5099 5164 6274 3269 2621 8200 7762 5715 1332 5215 7839 221 734 6623
191 7136 1473 2503 5160 2508 7341 1198 2223 17 3666 5651 6613 7864 7983 1813
192 3586 771 8078 6417 3220 6938 3497 2986 7476 1463 1986 2119 5064 5580 8147 6613 9313 9186 8167 3693 9199 7153 1833 7544
193 3072 5507 3207 6538 4624 7449 154 7454 6687 1058 9379 935 3766 321 7385 1383 5481 7788 2288 247 7801 1279
194 3009 5666 9219 7652 694 4326 8008 1577 2858 7944 7727 9968 9937 1299 1814 2121 5854
195 4996 3077 8966 8711 5771 3981 9615 1552 2962 6554 8487 6453 9656 3261 1090 4367 8402 6099 1495 2904 9103 9311 3936 4963 6509 625 6258 2804 7413 4858
196 417 4195 357 321 9896 8041 5386 9483 3853 7699 3314 9331 2612 7031 8344 6201 9155
197 6912 6528 5635 4740 259 4259 9903 7474 3894 3138 7622 1353 1617 4690 1750 2010 3936 7266 8293 4855 1400 8954
198 2186 1932 3226 4636 3493 7153 4828 1067 3756 5689 8254 1601 7627 5581 6224 3897 5848 732 5341 3109 8930 1774 7407 7409 9842
199 6369 1154 1125 7526 673 9416 6186 3627 9068 5101 5517 3521 8533 9558 5962 9657 1146 2237 1375
200 9988 5383 7177 7055 6545 5142 6938 527 420 3240 6058 427 2353 183 2745 3135 8134 9933 79 569 5080 6875 6236 483 362 8556 7666 3061 9977
201 8235 7686 4489 5772 8973 2577 7570 7699 8342 3745 550 2987 7602 3379 2495 8389 199 8140 2611 3163 2141 3427 2539 9580
202 896 5313 1060 5125 4356 519 1193 2346 8043 3735 135 2704 9848 3026 4679 2423 6584 3609 3775 2183 9701
203 7296 3584 2562 8711 4878 8871 9771 3376 5041 819 4278 4686 9279 2894 9551 2768 2424 2643 2005 1751 1656 7419 7933 1150 511
204 7841 6051 2865 1705 3114 3403 7596 4909 2062 2735 177 6115 4468 6869 1623 6327 3323 8220 7676 9918 6933
205 1035 8613 2891 3479 3894 4431 272 6641 466 6611 8431 9493 7030 8599 8751 7413 8507 4830 4693
206 3080 5391 19 9374 2213 6054 4520 3371 8494 7217 7219 4534 450 4037 1109 1893 7560 2533 8431 4210 7699 761
207 1668 3982 1808 9236 985 2842 420 3111 9007 434 2740 4020 4154 3006 4289 4035 7364 6734 4177 4564 8121 6233 8672 4709 2668 2288 2555
208 8453 3334 2827 4418 9104 2707 4377 6302 3635 1590 5566 4544 7105 4034 5322 269 726 4060 4065 3305 7187 7929 1149
209 352 8193 5218 2051 3655 7976 1835 2957 6510 4496 5489 7254 5880 9086 7743
210 3842 6020 4745 8982 9668 900 4891 9633 9412 3877 2375 5304 7618 1348 8481 1611 3410 1368 4313 3035 8293 3944 4084
211 8069 3592 8332 4909 9247 8994 3363 6054 717 3885 8881 199 4680 7564 7458 2125 9041 2387 9560 8284 2781 8785 2026 9461
212 9248 1153 7012 5861 1126 3777 296 394 7606 6860 6479 3762 8705 3862 6295 1178 7904 8287
213 2305 5762 9112 8193 5217 2666 2603 7852 2104 5360 5848 4082 4723 9492 9238 5719 1784 5532 9405 7007
214 4737 4162 6659 613 8134 3513 9453 9265 2228 244 4949 4983 9721 26 8571 3581 1407
215 5953 2651 7907 1191 3703 8841 2167 7756 4814 3784 5458 1045 4151 2713 9466 5179 9244
216 9301 1985 2722 5445 9318 6344 9098 332 7762 4110 9168 3506 6547 1877 8438 4855 7038 2245
217 3847 3729 2322 1174 4760 8474 6049 5412 9915 7370 4414 9029 4167 1993 4170 79 3792 9559 7266 1763 1775 625 9586 883
218 6913 6531 7949 8069 5773 6289 9491 2327 8733 3362 2732 1197 9007 3379 3129 5061 8907 205 79 2643 8788 9050 8673 4967 2538 1555 2935 8185
219 2055 138 7053 4636 157 2080 1190 4007 412 427 9283 3652 7762 598 4192 2666 6635 2668 7790 5873 9075 1012 5239 1564
220 7682 7946 5775 8209 8856 6042 6298 8223 4129 3750 7342 6621 4402 9395 5813 3641 8125 1216 4548 1864 6451 5962 6365 8670 3681 745 1401 2938
221 4128 3779 6692 677 6310 4199 1288 7274 5803 6547 2109 5454 6415 5099 4786 5155 4916 3128 698 3165
222 8352 8609 4035 7909 2214 9702 9623 236 205 9172 6263 2072 8601 6395 427 9119
223 9353 6211 8807 1097 6733 4494 3245 9969 6418 7406 6391 4792 6929 8798
224 7426 5764 2565 1999 1931 6544 9139 7813 1059 3023 9511 5548 7091 3894 6077 7617 5445 79 7899 1116 4326 5095 6767 4857
225 5921 8387 6693 2705 5864 3207 140 1038 4368 8241 9714 5560 1405
226 8832 3077 8838 6537 7050 4238 542 8867 4015 1847 3905 9027 6608 850 2275 2264 3557 3554 1763 4326 7142 1383 6124 2033 211 1401
227 5507 398 9359 6676 6165 6294 1560 3866 8859 1566 8484 3753 3894 2240 4077 207 4179 9300 4824 3801 5088 1255 3944 2797 2555
228 1793 5411 7652 1625 9930 3144 5641 7786 9291 8429 2990 6141 402 6357 2903 5821 3833 5563 7575 4349
229 8450 9231 9364 1562 9377 1826 1828 425 3370 9646 1201 3262 9666 2244 2898 5715 8667 8685 979 6778 767 9215
230 642 1415 265 8716 8975 5904 6161 6547 7970 949 8375 1465 6465 9933 5962 7884 8098 3023 4561 5206 606 7396 4843 3956 7413 4222 6143
231 8839 2699 3726 7575 8728 2078 6054 5543 2986 1329 5693 8767 7240 3423 9440 8418 102 7270 7919 2288 9842 6398 3836 1406
232 5120 7298 6537 6922 5526 8728 9369 155 2340 9003 6320 9916 6334 2500 5445 9163 6613 8160 3433 5869 3186 8564
233 640 7817 4623 2576 2454 9138 946 8377 1980 581 1358 7120 7762 342 5592 7001 4187 1246 1383 2414 2288 9842
234 7316 8345 9758 415 3376 1442 9384 6827 9264 4660 3700 9533 5700 4421 5203 5437 2650 8419 5604 4199 5099 238 8559 8052 9215
235 2240 2185 7438 9108 6938 924 8994 7219 7224 5307 1600 3783 8015 2643 8532 9816 4314 475 4959 3817 3948 3053 6894
236 7867 3526 3271 6920 8491 4199 7890 1327 8912 49 1234 3395 4341 8406 1754 7099 6522
237 5383 6537 7949 3603 3232 2340 5541 5801 9010 5295 8498 4020 441 6975 6981 2384 4563 2516 4057 8037 5865 8693 3830 1017 3579 1790
238 64 609 8227 5348 5190 4358 935 73 5261 9071 752 7473 9632 3764 5429 1625 404 7247 828 7709
239 5129 6030 3599 8848 7575 1576 3500 9270 4031 3830 8906 843 7120 5715 9302 2904 7134 8671 5485 7413 3574 4984 4985
240 8580 9094 9997 6799 5525 7575 1560 9115 939 5677 7088 5042 3767 2744 5308 3006 4416 5192 1750 4199 9448 239 1256 3827 4728 9979
241 1410 3715 4612 1287 5122 796 5277 7204 3877 3117 1582 55 9273 2113 838 6604 79 5986 5869 1905 9845 8958 2047
242 7808 9304 8964 3877 2951 7880 9290 4919 6223 1032 5522 4787 916 9847 2808 7304 9627 2972 1343
243 2240 65 1890 7524 6470 5412 552 9129 7754 2859 9772 238 6390 153 703 9276 4189 8159
244 4912 1328 6244 935 3111 5395 1674 3183 2220 7359 9007 3343 8400 4531 1524 9854 116 7215 5322 2718 5471
245 5895 1289 5386 7055 7825 1944 7451 7333 1063 3758 1979 9788 2753 6082 7366 5322 8528 3163 6565 489 5099 9964 5749 6778
246 2272 6018 9603 4901 9457 7240 1250 3371 4909 9615 9032 6739 5715 6153 1654 4025 1849 1244 1353 1215
247 7392 3392 6530 8260 9510 295 5448 9735 2412 8046 9871 5584 3153 2962 6547 7697 117 132 9340 3454
248 1153 9990 6802 5400 412 1441 3249 6067 4020 4282 4028 9533 9151 4161 8898 330 5839 5845 1625 3547 5983 2790 9324 9075
249 8968 5003 7696 8212 666 4123 9181 8498 9139 964 1226 3277 3151 6354 7509 9050 7899 7389 4193 5863 9319 4333
250 7332 997 7 8521 935 7762 3441 8050 3891 7732 7285 1270 8477 8703
251 901 9734 8663 8591 6800 7955 4372 279 3103 880 8994 1065 6827 9521 9301 3543 1370 3291 8698 8212 2412 2413 3696 3313 2807 7545 8826 2685
252 3463 3977 8844 4909 6428 7709 1058 6440 2345 2986 813 321 9007 9080 8125 7745 2499 3885 5329 2649 5339 477 2143 9809 9842 7160 8444 7167
253 3648 3203 5766 6153 780 2064 6545 8982 6300 6309 2986 9133 9523 1848 5818 1984 7756 8269 9942 442 528 3811 485 8934
254 928 6082 2883 6469 8390 3561 7383 2914 1998 399 2155 5339 7977 632 761 90 8795 8125 9253
255 3563 3270 7048 9545 9995 1934 1041 9778 7059 4020 6654 8406 5783 6425 8570 1437 798 9076
256 7776 2992 3331 3620 9830 6129 8876 1644 7791 3856 1137 2867 3380 3702 4697 8152 5849 7320 943
257 2240 1952 7170 3894 6977 264 5163 4898 6029 6064 4664 7762 9397 4822 5761 1242 2203 8252 8510 9057
258 2690 5451 2852 8134 5351 7053 8105 4597 8620 5490 7453 7736 7922 1299 6164 5589 5848 8889 3229 1790 3839
259 8832 3361 5507 1527 5286 6759 876 2986 1879 7020 400 2121 823 1273 250 1979 8796 29 3103
260 5893 5896 6675 1053 4901 1330 8371 2489 6458 9793 8902 5450 7499 5966 2128 2002 6996 8406 4574 2790 3046 4728
261 5696 4400 2 3043 6054 9766 3553 8744 4985 7405 5149 2704 450 6290 1429 9686 9527 3737 6607 765
262 7894 6278 647 8462 6547 5527 8600 9200 5794 2340 2474 4011 8109 9265 5824 8134 7713 7881 7756 590 4943 2902 8176 757 8566 2555 5630
263 4870 8236 4367 2962 9244 6691 3846 9130 3244 6445 1079 9275 4802 6341 7240 5326 3034 5340 8293 7779 9957 5862 9197 3700 6647 7289 8831
264 4896 321 6227 4091 2288 6534 1224 5962 2189 9423 8239 9968 3163 9939 6580 7703 1339 7296 7355 9757 797
265 8320 6918 14 4077 2323 3989 4377 6938 930 3877 552 3757 6707 9655 8125 1670 8503 1613 6094 5583 2518 9935 735 9836 9325 8686 8830
266 1121 226 9403 3894 8198 1409 3304 8460 3146 3691 7692 2927 2578 8291 340 5910 3945 9428 2555 444 4958
267 3714 9991 141 6670 2962 8644 32 9968 9764 4135 8111 6195 1083 9540 7883 6349 4045 7762 3414 1496 1247 7654 8427 2288 4341 4216 8058
268 8844 3602 406 6938 9007 2717 546 1455 4531 6327 5816 8506 9404 8131 8644 710 6989 3539 89 730 1632 8810 2962 4819 5748 3199
269 7042 1413 9992 8716 1299 5913 9244 7198 5407 9510 4909 4782 5437 8770 8265 4811 6613 8026 7517 96 5821 8290 4455 4071 6511 8183 6267
270 3074 4069 8134 5233 9512 4361 3434 3543 3981 8014 7695 6608 5265 9138 2643 8489 2968 5657 7005 6749 5471
271 8130 4002 3523 4900 7749 3751 6057 7687 6189 1742 2013 7984 5105 3637 2966 3354 1339 4988 1501 3582 5567
272 352 8257 1923 6084 4197 4678 4935 2856 1002 1984 9101 9007 2383 2260 6095 9654 6489 3288 8708 3163
273 2240 3936 7413 3079 5064 4456 6219 300 955 1710 9679 8408 545 2645 3510 1496 9114 5115 6620 1565 8543
274 7232 5569 3491 7428 4293 2630 2666 8782 7699 5059 6708 3982 4965 4020 6139 831
275 5248 2427 8514 3043 5798 9898 8247 9228 8431 2327 83 4469 790 4727 315 5531 8220 9968 9406
276 6306 4539 3172 9078 3335 6700 3383 9932 5326 1103 8530 148 7413 2358 311 6264 5241 4958 5019 3316 1028
277 3463 8087 4625 7699 8471 6181 5799 686 6326 2105 3521 1348 2643 6613 9175 8920 9051 2662 5998 6258 2164 3322 5373
278 898 6534 8711 9730 3982 1299 9750 3748 5547 3758 6838 5957 5703 79 2904 9039 616 7789 9582 9583 4592 9585
279 644 6021 6170 8091 9116 8709 6692 9244 5034 7868 1343 2627 3012 4807 7883 8013 79 9938 7251 5412 7397 4199 5715 7161 3965 6014
280 9219 7105 8994 5187 9541 1763 9232 259 234 6924 1614 3023 2288 7313 8051 1216 5934 7542 503 1821 6942
281 3584 7553 8961 8387 6038 6049 1058 219 9383 169 6698 4527 5810 3004 5181 7875 3012 8134 5715 2267 991 9952 5352 6765 8125 7543 2555
282 6082 8123 2340 3111 2121 7821 8495 7506 5219 317 7638 5097 8153 6287 3837 3711
283 4356 5 748 5898 3852 912 8210 1048 2201 159 2346 1598 4035 4295 3533 1358 9298 3918 610 1260 9581 8188 5501
284 6402 3470 2191 1809 7314 4377 4254 9968 7077 9007 5172 6074 5692 4929 2128 8148 782 5219 4838 7740 6507 1136 9842 7413 4345 1534
285 1248 2593 8994 3331 7653 745 8042 3215 7762 692 1150 6105 1530 795 9245 7262
286 8912 9859 8068 8645 9190 8387 7369 5899 9487 7248 3825 4035 1238 3113 9976 5529 3643 7423
287 799 7713 2882 2875 7949 6216 4619 301 7438 3823 2416 2355 4432 5984 4665 1051 9852 1309 4735
288 1665 2 1542 9865 2060 4750 3855 6549 5830 935 2240 2497 9414 5772 7438 1499 5859 5860 8811 2031 7153 5502
289 6464 4258 7747 8612 374 6568 2795 3405 6190 79 9731 3624 2643 8211 5942 6935 7576 6619 1916 930
290 5838 769 4245 5767 8284 6599 4670 8302 8142 4909 6464 7285 8920 293 6431 3804 1818 2238 7029
291 2304 9358 1047 667 1823 3104 935 7722 1710 3376 437 7992 8125 4937 2389 5462 9565 9056 2791 3836 6781 1534
292 321 578 5625 4326 9994 1004 5870 2127 9842 2013 8406 2553 5369 1403 6556 6525
293 129 2306 6851 7537 1352 6441 7559 9007 4944 1841 5715 4531 4884 6424 1720 6575 9244 5629
294 3808 9153 4483 3941 5478 1095 5964 5482 5740 7949 1710 577 2121 3584 4342 5257 6712 6540 5307 2140 6175
295 8066 2 6547 7318 6296 8348 5917 2160 421 8488 7082 3377 4531 1716 9795 2124 8920 2917 9199 368 369 7036
296 6112 6209 4484 5607 5448 2538 4199 7949 6895 2192 7096 9533 7125 9335 5368 8312 5050 9968 3708 3178 2399
297 3995 4391 4106 4523 589 2749 4272 5715 9173 9465 8505 8411 1930 4286 6613
298 9216 3840 1287 6922 4117 2198 3997 7848 8618 2439 8885 5430 9533 2239 3265 4150 8269 7120 2923 5742 6000 1014 7415 4475
299 1668 6661 647 6921 6672 921 6054 2481 7093 182 8762 3006 7363 838 79 4056 5211 2526 5219 101 2790 5096 4714 4976 6515
300 4962 6022 6865 712 8499 8234 6635 1964 2210 7086 1423 8145 4691 4942 3665 6519 2617 8282 5885 9171
301 1693 3585 7296 7360 9270 1638 1543 3146 971 6892 7887 5680 9109 8534 9818 79 7050
302 9533 1315 6117 3111 4297 8842 8491 2284 7021 6351 9968 5075 4212 8981 7545 7311 5437
303 6496 3312 1474 7267 2340 1670 425 5610 7787 8434 3936 4719 2256 9873 7762 2915 8340 3671 8431 8018 9545
304 8449 5386 13 9362 7956 8345 9244 5149 8359 8495 5175 4032 9285 3783 79 7762 847 5470 1762 9578 4587 8688 2555 1020 1534
305 1984 6635 8837 9478 8487 1929 9674 9259 9645 3885 8722 8466 8083 3316 3125 5751 5880 6457 6044 6410 5535
306 5507 7037 6796 5645 8848 1431 3097 9626 1187 420 6748 3754 5677 2870 8004 5212 1380 5097 1647 8816 5748 2986 8062
307 9349 9481 5901 7698 4243 663 9755 9757 7331 165 1961 172 5294 7880 2486 183 4507 7869 321 707 9928 6327 7762 9178 4967 9579 245 2810
308 5504 131 518 8331 5006 3160 18 5268 8341 5783 2970 2458 3103 7456 2601 5802 1711 3550 4286 63 202 6736 3032 862 1125 2537 6380 6385 6526 6270
309 4097 2723 6886 76 9107 1195 6547 7997 1105 2866 5011 8789 8918 4345 9209 3642 7835 5340 9533
310 6528 2304 6406 8840 7438 2319 8085 3227 8478 2339 4132 8357 3111 8125 2643 7054 4442 5596 9309 3877 5728 2401 7399 9533 3572 4855 2555
311 2 8711 5869 8720 8599 1348 7066 9120 1697 8878 695 1336 2884 8134 1353 6863 8275 7770 8677 1260 4845 4978 8566 3319 2552
312 130 3208 4108 6547 9237 30 3231 7072 6695 9000 7880 5534 6336 321 3016 1482 6558 5339 4071 9834 9968 374 6776 6014
313 6538 8462 663 2074 3304 2079 5543 6967 7486 6979 8009 847 6482 4051 1622 728 1625 2650 463 1761 2787 7525 4584 9295 2929 4855 895
314 30 3586 6538 3074 6030 3858 1940 2837 9495 7582 2721 4400 8624 53 5514 7883 6477 3535 5072 3409 7822 2867 5341 2925 2685 3669
315 5219 4352 2819 7172 745 6666 5421 4176 2643 3284 9877 2121 2359 3994 2429 3027 6239
316 2208 9345 2107 3076 4933 6827 9436 5962 7575 6572 5587 8431 7795 6007 4377 603 8067 2173 4035
317 6959 9474 3012 2725 9217 5737 4970 3376 2638 79 6480 3633 5875 7956 3127 6777 4340 8687 5950
318 9443 5917 8518 2983 8711 7657 9866 6407 5388 1181 4879 2480 5874 1364 6938 2168 7001 1978 2639 468 6590
319 4742 6537 2315 6285 7438 8594 2327 8864 4004 9255 2986 310 2121 7355 4926 1858 9159 1865 6859 79 1745 1238 1496 220 742 8294 6512 4081 7159 376 9083
320 4832 7713 9347 7551 838 2737 4616 6793 3914 555 2962 3983 1425 2976 851 2391 1465 2591 8797 2344 3743
321 897 2063 2962 5150 9376 4901 8363 2240 6465 1220 9548 6482 9299 4309 4695 7647 7393 8163 7652 2407 4846 7153 5234 379
322 3936 2099 3650 8315 4453 8387 935 1299 6827 9113 979 9526 3385 5848 2361 5947 2981
323 2240 3649 1767 2340 7013 1927 3308 5111 76 7725 2383 7244 2101 3607 9625 8143 9676 2983 6725
324 1025 7874 8635 8676 2486 1495 2314 23 9036 3885 238 2685 2803 7062 2999 9211 4220 4746
325 4352 1668 9607 1289 6671 5785 2464 682 7943 9012 137 4256 1091 5962 6606 7119 6352 6101 1111 9453 2414 625 1779 2555
326 427 516 2310 5446 8583 4778 39 525 2589 1552 4753 183 84 6997 401 5623 8952 5412 7293 4510
327 1798 4884 1557 1815 6938 9372 3230 2985 9145 9281 9156 5193 77 8910 3792 8403 8539 5340 1125 1253 105 2029 6266 3836 2709
328 9537 2402 1859 7652 709 6397 827 6538 427 9551 3864 2771 6543 951 5359 4955 9848 9499 3485
329 608 3521 6020 4360 6428 843 2892 1838 4783 2962 6878 6166 8185 440 1753 9404 2302 5375
330 2000 2978 2629 8208 5553 9930 75 3298 3758 5327 2288 721 6770 5748 1365 3877 5530 8828 8781 1125
331 8448 1669 7191 908 1934 662 7831 3102 3238 170 9262 2480 2232 3003 1093 1739 3032 2652 6498 745 2155 6771
332 9090 6550 1170 8086 2975 7074 3111 7210 4909 5684 9013 7199 321 7883 6101 2555 358 1523 2683 7805 5758 255
333 6827 7012 390 2439 5512 1772 970 3527 9804 750 9775 8113 4398 1206 8122 2491 4924 3583
334 7435 2904 2197 6679 7064 7833 7710 3675 2211 3877 3752 9387 3885 9007 7865 1105 3156 569 5848 6235 476 3936 3699 3066
335 6434 1731 8150 8135 2440 7498 2338 1324 2594 559 5169 6613 8470 2264 1625 5690 7153 6014 3487
336 7137 374 7719 1832 3373 2670 751 6712 7437 5366 8631 1752 4340 8218 5871 2833 9946
337 8832 7426 1799 7699 5653 6423 412 9374 4129 1698 4772 4409 4667 5437 575 6343 3533 722 727 4818 3830 380
338 7200 6465 2274 2404 8997 1073 5992 1580 9261 4558 7663 3408 7185 1746 7762 3381 4982 312 3835 7126 9717
339 7044 6405 2822 8988 6436 4517 7087 8758 4664 8651 3275 6222 6584 5973 9436 5797 1542 1903 2288 7153 9077 5112 9337 1148 4350
340 5379 6149 6534 3086 8464 643 1686 2288 3363 2340 166 3889 8888 1086 9027 5062 2247 8910 6741 8572 9968 881 760 5628
341 9984 7895 4497 2962 7452 5661 7972 1717 2616 2106 4670 7104 6467 583 9160 1353 5194 2488 8663 4575 1765 2027 116
342 3936 1092 1398 4327 8136 6732 5898 3532 9197 5636 45 465 2674 7285 4310 407 2904 7513 1167 1567
343 2579 5781 6044 4765 9884 2858 9007 4913 8882 6466 4292 1102 9807 6482 3427 8278 8671 3555 5734 9199 6258 7806
344 8896 352 7746 1539 1668 4901 1121 2536 5833 7338 6574 5170 7796 9301 2936 1588 2301 6613 3758
345 8215 1083 8644 4070 2951 3528 5546 3051 5677 7683 216 5715 3031 810 7065 6170 1723 7709 446
346 7041 6534 3720 3982 7567 3761 8249 4669 574 8129 8644 3023 4344 7762 9301 6991 5724 9197 3189 5880 7291 4605
347 6944 2945 8372 935 4552 5996 1454 456 3602 5667 9876 5431 3256 665 4506 3870
348 1351 6827 2834 6177 162 7851 9908 951 2242 2465 7240 1271 81 7652 4325 1105 9705 3818 6635 7698 367 8049 4340 4855 5880 9834 5758
349 3936 6832 2114 3 7012 5511 9026 303 3344 7395 5677 3701 951 7844 9370 1435 7354 5726 511
350 3456 1668 1670 5129 7691 3982 8084 4334 5789 8101 2483 2618 321 4546 3397 3543 9018 5098 9453 238 1137 1395
351 4897 6123 868 9415 393 1610 4171 4109 8333 5869 7736 3794 8405 8662 3064 826 7055 4765
352 896 6534 5385 8332 6547 2325 2456 2203 7965 7598 6705 2877 992 5572 6903 5715 6490 3163 7517 6880 3810 9955 8293 3431 8812 9533 9968 1009 5600 3959
353 4613 9990 4628 2838 791 4129 2209 8242 5939 3380 1468 321 5954 4035 199 712 3936 6758 4199 491 5997 3697
354 5163 1925 9990 7438 7600 8600 412 2757 6945 3883 4269 6960 4661 9400 4677 6561 2120 5962 9936 7736 5715 7637 2518 1505 2790 878 756 5756 254 9045
355 2560 3936 977 3564 5255 492 2541 3537 5298 9749 6681 4249 8378
356 3873 9070 1451 4997 7496 9385 8907 9708 6893 7278 2669 2704 4988 8659 4404 3509 3798 8666 5980 541
357 450 1091 6628 8421 1349 8938 3630 8908 1005 3982 3586 1299 4788 5941 1625 5284 6810 4635 1311
358 9218 3172 8293 8625 5053 5634 7981 2673 6771 212 1141 3894 7223 5401 5755 6076 3805 325
359 8599 2064 8387 2708 2839 3736 5670 7732 6458 6986 1219 7238 9160 5578 8396 7379 2269 5342 7272 9968 9713 3832 8852 9598
360 4739 1668 9223 7699 6550 8994 9244 2209 6178 5925 7974 9129 9386 6709 2615 4946 1984 9677 2767 9426 8661 2666 8171 1901 4565
361 5248 1668 776 3876 2085 6955 3894 447 4035 708 6597 9286 454 6238 736 4579 7017 9968 6258 9591 9979 6910
362 6404 4104 3082 2317 7439 4752 6044 925 6946 3236 2728 8284 947 7095 9354 7491 3524 712 1231 7260 3561 6005 758
363 5951 1128 2825 8362 5035 6413 1240 467 3032 1718 4855 8376 1145 7611 1149 4127
364 51 8130 8310 4743 8936 732 3543 8140 2735 4145 979 6462 6230 3447 824 4377 2074 27 7804 1373 4311
365 1920 3077 2823 9356 3521 1179 5660 427 5678 8927 9533 321 7239 4045 3661 3152 3155 5340 7133 223 8555 1778 6772
366 8706 3 1670 139 8081 4764 6815 6049 1443 8732 812 9904 8883 5434 8124 4415 1611 4437 8922 475 1628 5597 8043 1134 6768 627
367 352 5283 6852 9669 4199 259 8713 4234 7243 6764 6413 238 8483 3316 1294 2614 4153 325
368 321 8962 324 8950 5448 3404 8106 847 6028 8045 2333 2288 3345 7012 7413 2774 1257 3241 9083 5340 1866
369 4490 2114 2962 7699 8469 9622 5401 2332 8994 4004 7846 5677 9903 1843 8248 4362 2626 2254 2398 352 3937 7669
370 5168 4260 2469 2984 1481 4810 7116 6692 2128 7324 9808 8644 5787 1884 6021
371 3074 1668 2058 2962 6167 541 4641 9260 5917 305 7732 5945 2875 7234 3012 6986 5067 3020 3704 6614 7895 8030 4063 745 5484 9848 4860 7934
372 640 1411 5387 2704 1297 3219 5271 6808 1055 3111 4393 5292 7607 287 6844 7616 321 9292 5201 9688 4324 2149 5880 9979 2559
373 5508 7174 3982 9368 7323 9244 9129 5295 8125 7998 3914 5196 8910 79 1243 5852 5855 4836 494 6001 8562 7337
374 1344 6914 8355 2885 3593 8138 7863 3148 2013 6130 6613 9001 3513 4571 2475 8319
375 7811 147 2583 5915 6047 8994 1956 6570 815 9781 5183 6099 5089 5219 5862 1385 5868 5230 4079 4340 4855 3320
376 7275 521 1675 7056 8231 9691 935 9007 2994 438 1846 6086 3659 3020 3894 345 2907 5483 2030 7924 3830 3710
377 1281 2818 2820 7179 5250 5906 6547 5270 7575 5784 2458 6683 3074 7720 427 5362 560 4786 6966 955 4542 6085 979 2260 5209 3936 7410 1272
378 9968 9604 4694 8711 3081 4457 6327 9167 3792 241 7988 6101 8630 1079 6153 2041 858 8957 1662 5055
379 3425 6242 4068 3366 2369 8808 4905 1546 2955 1422 719 4824 8199 1668 2426 6234 447
380 1889 674 7267 5349 518 9544 8118 1387 3830 6162 5715 2420 9301 2134 9751 762 9819 183 382 5299
381 4609 7951 6424 5916 7583 1955 3877 3242 8492 8248 8634 4413 3520 5702 7629 4302 79 4688 5715 9199 3184 9461
382 7553 2962 5013 5788 931 6821 558 2875 8893 1730 6470 3533 9043 6487 2264 991 8164 2918 3560 3795 3830 3069
383 7554 1296 3860 7455 8994 3877 935 1010 5064 4664 7100 6855 4296 7883 8919 8284 2148 9127 6258 372 2679 3320
384 4352 935 5220 2422 5054 8264 8746 3623 79 9519 6692 7347 3028 1941 6774 5322 6324 6970 1627 8634 5182
385 8450 9224 3602 660 6677 6934 6429 1570 8614 7082 5676 2095 7728 3976 8948 4796 9675 8994 8535 6362 1769 9841 755 4340 8189
386 2566 8456 8457 7438 8212 5402 2463 2615 6717 8387 1605 2760 2633 8266 4815 208 6778 2270 1252 9968 6773 2426 1277 4095
387 2864 7362 833 2856 3132 5515 1164 6829 7196 7629 5264 7153 8212 5365 1238 183 88 6920 7226 28
388 2240 9968 6818 4438 8360 3936 1579 2540 7118 879 6672 5841 2962 4181 8150 634
389 7693 3982 7049 6474 6891 2524 3789 2542 4399 6520 9533 6836 9301 8406 6040 4820 3610 2844 954 6917
390 2 7434 5643 6986 6174 8994 1445 3750 935 554 7751 7340 9007 7857 5175 6218 2239 2115 2630 3937 8392 9802 8140 208 8800 4705 233 374 6010 1066
391 3074 3075 7949 1679 8351 5156 6967 4152 2752 6978 9926 2251 8914 5972 8663 1752 4828 1252 8293 7782 2794 2943
392 3936 3296 1316 933 4199 3496 5412 4650 3819 300 3489 5458 4531 8916 2102 3575 8440 7193 732 6538 2175
393 7361 2 1731 5750 7623 6044 427 7874 1496 5682 739 1174 7736 5177 6811 4572 7261 8286 5107
394 1185 2 132 9607 9224 43 9682 2543 6576 7121 9906 2452 3541 9613 6104 1956 3803 4381 3806
395 321 8459 817 3656 5161 4522 8491 5962 6557 6737 4692 702 7192 948 4890 6716 1981 8958 2271
396 8994 5795 8996 4965 198 4234 8671 3394 2685 7088 569 9842 8468 3551 5677 5412 5370 9883 3293 8447
397 1376 4449 5443 8644 3877 8296 3657 522 3468 5650 2643 3134 8841 5145 1050 8196 2109 5214 3327
398 6146 5995 5638 2569 139 4757 919 3012 673 9381 1707 9138 8116 1979 9533 8043 580 8011 5457 3285 2533 4326 5355 5877 4602
399 9600 5248 8130 4035 6884 8005 5457 745 9035 3597 5412 1805 2192 2769 4434 3106 8756 9060 5882 8764 9342
400 5763 2954 6669 8592 1557 1177 3875 4901 4527 4658 7732 1719 2874 61 5439 4577 9720 3159 474 5216 9185 7141 7153 5880 9594
401 4257 2050 131 6753 9480 2986 427 8780 9197 5902 7503 8722 6388 8790 8119 1652 9743 3164 5374 2555
402 5248 7009 741 4199 6119 9453 5533 4728 9075 2580 6133 1238 6968 2746 9659 6396 9085 2719
403 7429 6667 6938 925 553 2986 8747 5433 4411 2366 7233 3267 5446 6862 3025 7652 5082 6364 5090 7780 3434 7413 631 2555 8170
404 6065 2 5507 5762 4755 4770 8615 9775 2097 4917 8125 450 3783 5962 3541 5081 4314 8033 5857 9573 6973 8177 9208
405 2433 2434 683 3079 276 3093 452 1436 2973 1957 1959 9003 7085 2114 8388 7367 5064 5326 6613 3415 7008 8935 2799 8946
406 6486 776 7852 3395 5412 9641 2988 3375 8628 4026 321 8259 5317 5063 4938 1233 8406 9687 6873 3822 9842 8439 9467
407 3074 6025 6923 4108 8991 4133 9182 1449 9007 6196 6581 1695 4021 6594 4047 9043 2263 5468 4218 3422 3877 737 2554
408 9568 4480 2001 9731 3350 5223 7240 3562 7 8173 1774 719 8432 1942 2227 6324 9013 3670 2996 2175
409 7969 6819 4901 3169 488 3337 8491 9806 1117 1360 273 3446 5167 910 4054 4728 3417 4763 9533 9565 2533
410 513 5122 4230 5762 9615 6049 802 7845 6311 8105 6196 8251 60 5311 2 5446 2892 7377 979 4180 7510 4062 3936 2146 6883 6503 1256 1514 2924
411 271 7699 8105 1834 9391 4401 7219 6584 9401 5565 450 6602 6348 2872 3797 1496 6618 8155 3297 7652 2288 6898 4091 7549
412 2952 3352 4903 9004 7856 9139 3895 6588 5437 830 4671 8900 3783 5962 6731 3537 8658 9566 9833 3316 5695 9341
413 5504 5889 1159 9355 2194 1939 5143 3871 3106 5027 1833 6984 9268 6075 321 139 9032 8649 4684 206 6610 4308 7256 2265 8922 7643 4444 352 1979 6269
414 3202 9608 8969 6044 9602 2066 1305 3099 7964 2589 3106 9123 4134 2729 2 8899 4558 6739 3022 9047 7519 227 9066 110 4591 2673 7123 9129
415 1541 7049 7949 1680 5656 3225 8858 412 3104 4134 5673 8495 1202 3251 8900 4805 6478 1880 2779 1650 6141 4607
416 1984 864 9314 5093 6721 1992 5065 3690 3982 7613 8560 5276 7356 8157
417 5968 5762 3939 9363 3877 167 7180 5962 8235 8204 3885 783 7088 8994 1747 8660 4501 5178 9371 8446 4159
418 1026 9352 9609 1424 1173 2327 6939 8618 9903 1715 5307 2750 9023 4042 9296 7122 9940 1749 3932 7781 108 2038 7034
419 8195 6021 6150 1293 9230 6701 8854 9628 2335 7845 4013 1840 8883 1845 5836 205 7949 4692 4821 8539 7656 235 4717 246
420 2177 1668 261 2439 7304 1419 3216 7699 2590 9637 1223 4766 9920 8519 714 6225 2643 1878 7151 7153 7028 3961 4093
421 4741 1552 3474 7321 1948 4893 5536 1072 9901 8495 5040 1118 1851 4286 4169 7006 3427 8043 1773 8815 761 637
422 8224 5537 3531 1956 7303 905 4203 2240 7949 5742 5359 6928 3763 4340 3541 9366 6840 7641 8431
423 7296 1538 7939 6534 6153 523 3074 4760 3096 3100 3742 1061 9638 9007 9141 3316 4928 9332 6726 979 8287 352 2407 1645 753 9842 9460 6394
424 7810 5900 4502 6296 5029 935 4664 2233 3644 2240 457 3146 7883 5583 979 7893 6486 9688 79 4581 9067 3821 7280 2175
425 9480 3465 7178 652 2962 7063 2462 5412 6437 8361 2546 6583 569 1289 5438 7615 321 7246 9945 347 1117 2655 2403 1647 9970 2549 5880
426 7713 7153 6116 1105 551 42 3991 7762 6926 5296 593 449 3982 3095 4920 2962 4286 2847
427 647 1034 8079 7448 7457 3379 9524 4664 571 9148 7997 2878 3144 7762 2666 4462 7153 4594 243 2294 2555 8062
428 1536 7302 776 8343 1292 6030 4627 279 4632 6041 3616 7591 9008 8116 5748 6842 4923 3398 3923 4191 1381 1510 4199 2288 116
429 6528 6021 6280 7436 7702 2986 3758 4913 5307 9534 9023 8387 4036 5319 3784 2255 5074 6101 9176 8036 79 860 7521 7268 8809 3007 6141
430 33 5762 6091 8513 6204 8202 9739 8558 7568 8528 6549 3894 5433 7609 8794 8156 8830 6879
431 67 1412 1637 2308 1383 8284 5162 8846 7097 7732 9502 953 3865 7836 2846
432 4034 7138 3975 4586 9803 8738 3214 8175 7632 8722 9453 6260 2350 8655 4340 2555 6940 9290 1743
433 6338 4039 9768 5097 3850 5643 8428 2962 9615 5103 2161 8722 9139 6803 8853 7240 4762 9903 458 9310 6101
434 3074 267 780 2702 2707 6564 7085 6447 9520 8501 6729 4668 9653 4035 4420 456 5705 9301 3307 9709 8049 8180 3703
435 4960 1025 2274 4619 3894 3982 1361 4906 4615 6722 321 8463 1937 4178 5869 4020 725 1601 1249 860 849
436 8992 1794 9731 932 5445 1222 3949 6250 2870 2701 3119 2013 6203 9091 7668 3638 1812 3706 155 1130 6021
437 3074 9097 5130 524 1426 21 5026 6060 690 7997 190 2368 7880 7634 9044 6101 7126 2264 1369 1117 8423 6482 2962 2932 6646 6015
438 6785 3074 4749 3473 1299 9886 5793 5029 38 5038 3376 3894 6853 9162 4044 726 9968 2783 2532 5905 2288 4463 7536 5754
439 4512 482 8132 8711 2643 7207 9868 7597 5807 5104 2962 6611 2100 9301 2422 3863 4536 7987 4730 1147 2490
440 5890 7949 8712 7053 6160 1942 2327 1690 4511 7459 1479 691 7733 7862 569 9533 2555 3088 2887 2895 3154 1117 5985 6011 2409 1774 2043 8060
441 1238 8610 8235 7949 3845 8621 8007 8137 9990 7454 5154 9007 592 9842 2962 6837 6347 8921 1625 3707 1182
442 6624 1761 3842 8611 8711 2920 5769 874 9931 8461 5743 4107 8978 6899 6356 4437 9206 2555 9042 7978 863
443 5643 7490 527 6938 9375 2337 9256 5815 1336 8250 447 8130 3012 9805 6613 6746 4580 4199 745 6259 8183 2812
444 646 3083 4824 6173 670 1571 36 8486 2870 2879 2240 3792 978 979 3926 7640 2906 9822 2911 9837 7024 1786
445 4385 2491 7652 7301 3985 5544 2858 3240 8711 4973 142 8431 1432 2019 1876 2806 2135 5752 9595
446 9198 2445 6414 5909 535 6809 675 4389 2225 7336 3753 1323 9260 4529 4915 7732 7736 8134 6215 6603 6613 9821 1121 1898 8686 4463 7162 2555
447 7948 4365 9747 792 5668 4528 9265 5307 2060 8077 6103 218 987 5212 3680 7650 1252 5095 6249 6636 5748 8681 6014
448 8480 6292 3683 5157 838 4785 9930 779 496 7569 3250 2003 7307 7349 759 6804 1882 9947 4341
449 6656 112 8995 3495 7419 1994 4299 5132 8366 5199 4912 7922 1107 5461 2615 191 1855
450 7147 7048 7950 1167 2962 925 9635 1958 5671 5553 7991 9146 3004 6608 6251 6999 1466 865 5862 7786 2155 5358 5872 979 3193 2939 6014
451 6786 267 8716 8337 7826 8350 1572 4645 935 8748 3508 6196 1091 6216 9740 3914 332 4173 2513 1874 597 9046 5817 9947 1489 1389 2962 4478
452 7169 1797 9485 1310 6021 3236 3877 3888 4660 7350 1340 2624 9442 343 5978 8029 4702 4066 9839 9842 2555 9086
453 3936 3264 2947 3684 2438 4294 8967 5416 1609 6889 3728 4870 3065 7381 8054 4567 3140 6778 8574 3319
454 1888 1602 6980 8741 8134 8812 6250 331 4300 3869 1264 177 1145 9013 7721 6073 201 251 9244 733 5310
455 2240 5236 5730 6408 7484 7883 2478 9968 8467 5043 6484 6070 5943 7188 7642 1852 6067 7902
456 8097 450 3460 5928 2025 4491 2828 9069 9903 816 2449 6740 3318 8343 4664 1421 1946
457 448 1616 5328 7659 7819 10 3243 9388 1134 4176 4184 1077 3830 6327 5208 1668 9399 6046
458 8608 2817 8548 7845 8647 3752 7212 6712 3052 5229 8520 8125 6333 6488 1176 1668 9563 5437 2111
459 3074 8451 6281 9354 7566 7699 4382 6061 4527 4786 6327 447 4040 4578 5838 6613 2262 7899 8925 5474 7652 5997 2158 1007 7025 8979 5884
460 6467 1956 6020 7209 1066 8643 4590 9149 9266 1651 7604 4809 2969 2522 9955 1962 8158
461 9728 4706 9573 5415 1512 9213 4199 9005 3694 8367 8880 7985 6547 1752 3999 3292 8093 7039
462 641 5506 2569 8715 7314 5147 9758 8994 4901 9129 6327 9533 8653 3285 856 9433 2394 8937 3050 2962 6258 6134 2537
463 321 523 982 6054 2599 3274 6731 1646 9199 7568 3377 1459 6228 9533 8822 6487 9529 6938 9139 7966 6635
464 9569 1000 3786 8491 972 8301 3342 5869 4341 9014 8569 1657 2202 6655 2974 8191
465 1668 150 4504 1434 5788 3098 6687 2979 6692 2730 300 4317 1969 7227 3518 4928 9545 715 7630 7633 4307 2773 7773 111 2643 8055
466 2448 7234 707 2288 4647 6184 2313 3752 5848 1037 2222 5200 5649 1042 4643 7762 2126 9688 7357 9374 3007
467 770 2565 7562 9986 8338 9254 7083 4397 9007 3255 6584 3722 9023 1353 9933 8911 9555 9533 7382 601 7901 745 8125 2288
468 5254 7732 6673 2962 7699 1301 5444 3234 7092 884 6332 321 8644 3781 7330 6611 1237 7767 349 5948 7022 6257 1524 3830 745 7290 1791
469 8256 8994 323 7204 2129 8104 3146 9643 1036 7373 1774 6256 6449 2643 9518 6136 4055 8632 4539 6941 7614
470 9507 9718 6983 8924 650 5930 5962 4557 8061 4855 4771 9301 2137 9815 6652 1337 399 4252 925 4734 8965
471 768 5185 8258 8908 4390 9224 5033 7296 3211 4652 5869 8495 6899 6494 7305 5656 9753 126
472 2048 5826 388 550 3377 328 1353 6871 3507 6030 2575 8994 6833 2643 1555 5748 9950 2711 2331 9438 6050
473 3330 5770 395 3596 3982 9107 56 152 1569 5412 6053 937 2986 7469 6448 8114 952 7993 6473 5962 2662 4433 4180 2150 5350 5356 753 3731 4340 6134
474 2692 6024 3466 8470 9885 2466 6958 1181 4020 5556 1981 1997 4441 5727 2273 4326 7023 9968 1521 2292 5752 6650
475 512 9731 8068 9867 4369 9618 915 149 2327 1668 163 1956 8117 8130 195 2890 7511 9233 7285 4854 638 5141
476 648 7949 7699 5655 4386 1571 4644 7732 4027 1342 8512 8130 2117 2121 5459 8023 1752 8484 8933 6635 1391 4464 5715 4798 9592 1020 7677
477 4999 5897 4493 7694 6545 7202 3621 3371 6063 1328 3004 9931 8270 6236 8928 123 2661 232 745 9712 2545 8949 3830 5127 8443 4348
478 352 5282 6677 6990 6214 7143 6825 2327 1516 9506 2382 1200 5715 8723 8308 4501 3273 4222 5333
479 9344 4240 6163 405 8855 3362 3377 9514 427 2248 6067 9270 956 2501 7880 8907 5723 2555 4070 1132 238 3190 4855 3195
480 1668 784 3218 532 5400 5189 9637 5677 3630 1480 5045 3260 8387 3012 8005 2376 338 8794 3547 9308 352 6672 7266 1124 2155 3056
481 8578 6019 8843 5397 5659 7068 805 1831 427 7477 4537 3125 7361 4549 5716 6613 4314 5340 7133 3552 3682 2406 2685 7671 4728 6521 8445
482 2240 321 5891 4166 4956 8174 2283 7565 4526 6509 4304 2322 5843 7252 7285 8406 8121 8314 2651 3900 829
483 6404 8841 1668 2847 5936 3877 5418 944 3251 9013 9887 3141 9030 967 3018 8651 2125 79 2512 8793 4199 4200 6648 7806
484 9349 9697 9669 6332 7117 3147 3149 8814 8719 7216 5423 789 5710 1238 5573 2873 2005 1019 1180 8734 639
485 3074 5768 7949 4882 6685 6728 8759 7353 7482 3901 4801 1736 4302 1293 4566 4703 2144 2790 6633 2156 2288 9971
486 5888 1280 772 1807 7952 7954 9711 1314 6698 813 687 321 8644 8141 5207 7386 7259 3936 2666 9199 1784 9467 2943
487 1540 262 8711 6054 9907 9654 4024 2235 7101 7478 461 7120 9425 2136 4774 6630 4925 1522 4343 5880 4089 7480
488 514 9087 3074 2962 1685 3352 5031 6059 3507 6839 6847 450 3012 4531 7295 9677 6229 5341 3936 4199 2282 8999 7919 6258 3967 7061
489 6468 6790 934 2596 5066 1484 526 1935 8176 753 2802 563 4148 5462 1241 731 5340 5406
490 8064 1377 3074 5253 7240 3081 1299 7864 6780 2798 3121 188 6613 8022 4969 7608 1113 6908 5341 8126 5413
491 3073 5509 7852 7699 9624 285 1956 5288 44 3382 6329 3388 6082 1354 2001 4443 1120 738 8043 7153 3059 4343
492 8002 5507 3894 9062 1639 744 7210 9975 175 8528 7762 7219 3380 566 8823 7320 2138 8637
493 3521 6665 7948 4752 8210 1817 7840 37 7456 2608 56 2747 1982 1984 321 6476 1236 6613 2136 1625 4442 7777 1657
494 9611 7949 7183 1945 1306 4639 4012 5064 7987 9270 6331 9660 3005 321 3395 325 6600 6226 6101 7391 3042 4198 1383 8304 9468 6269 4606
495 256 259 8207 7193 1561 3740 6045 676 7206 8743 46 6075 701 3795 1750 2909 5993 3436 7791 5880 2811 893 511
496 3970 8581 5895 8336 7321 5617 2093 1464 9794 8387 1366 9930 6095 9430 1871 1500 5343 1504 5860 4078 8687 4209 1139 8696 4989
497 4352 7057 3987 4886 9244 7709 8879 1457 4022 183 4027 5956 329 9547 3023 7120 8787 9315 2660 9834 4716 4853 4733
498 3713 2155 3336 6360 259 6170 2986 4527 3032 4663 1209 3013 7880 6711 8277 1624 3675 4843 2288 8690 8819 5109 5372
499 2321 6467 5654 671 5412 935 2345 2602 7852 8622 8753 8245 1085 319 8003 7504 6738 9555 6101 2017 867 104 1129 8685 1402 2986
